{"C:\\Users\\jl444\\OneDrive\\Escritorio\\TFG\\Codigo\\Backend\\controllers\\auth.controller.js": {"path":"C:\\Users\\jl444\\OneDrive\\Escritorio\\TFG\\Codigo\\Backend\\controllers\\auth.controller.js","statementMap":{"0":{"start":{"line":1,"column":0},"end":{"line":1,"column":27}},"1":{"start":{"line":2,"column":17},"end":{"line":2,"column":36}},"2":{"start":{"line":3,"column":16},"end":{"line":3,"column":50}},"3":{"start":{"line":4,"column":12},"end":{"line":4,"column":35}},"4":{"start":{"line":6,"column":19},"end":{"line":6,"column":41}},"5":{"start":{"line":8,"column":0},"end":{"line":40,"column":2}},"6":{"start":{"line":9,"column":4},"end":{"line":39,"column":5}},"7":{"start":{"line":10,"column":24},"end":{"line":10,"column":59}},"8":{"start":{"line":11,"column":8},"end":{"line":13,"column":9}},"9":{"start":{"line":12,"column":12},"end":{"line":12,"column":78}},"10":{"start":{"line":14,"column":25},"end":{"line":14,"column":54}},"11":{"start":{"line":16,"column":8},"end":{"line":18,"column":9}},"12":{"start":{"line":17,"column":12},"end":{"line":17,"column":78}},"13":{"start":{"line":20,"column":24},"end":{"line":25,"column":9}},"14":{"start":{"line":27,"column":8},"end":{"line":32,"column":9}},"15":{"start":{"line":28,"column":26},"end":{"line":28,"column":89}},"16":{"start":{"line":29,"column":12},"end":{"line":31,"column":13}},"17":{"start":{"line":30,"column":16},"end":{"line":30,"column":44}},"18":{"start":{"line":34,"column":22},"end":{"line":34,"column":72}},"19":{"start":{"line":35,"column":8},"end":{"line":35,"column":82}},"20":{"start":{"line":38,"column":8},"end":{"line":38,"column":96}},"21":{"start":{"line":42,"column":0},"end":{"line":53,"column":2}},"22":{"start":{"line":43,"column":4},"end":{"line":45,"column":5}},"23":{"start":{"line":44,"column":8},"end":{"line":44,"column":76}},"24":{"start":{"line":47,"column":4},"end":{"line":52,"column":5}},"25":{"start":{"line":48,"column":24},"end":{"line":48,"column":53}},"26":{"start":{"line":49,"column":8},"end":{"line":49,"column":63}},"27":{"start":{"line":51,"column":8},"end":{"line":51,"column":79}}},"fnMap":{"0":{"name":"(anonymous_0)","decl":{"start":{"line":8,"column":16},"end":{"line":8,"column":17}},"loc":{"start":{"line":8,"column":46},"end":{"line":40,"column":1}},"line":8},"1":{"name":"(anonymous_1)","decl":{"start":{"line":42,"column":24},"end":{"line":42,"column":25}},"loc":{"start":{"line":42,"column":35},"end":{"line":53,"column":1}},"line":42}},"branchMap":{"0":{"loc":{"start":{"line":11,"column":8},"end":{"line":13,"column":9}},"type":"if","locations":[{"start":{"line":11,"column":8},"end":{"line":13,"column":9}},{"start":{},"end":{}}],"line":11},"1":{"loc":{"start":{"line":16,"column":8},"end":{"line":18,"column":9}},"type":"if","locations":[{"start":{"line":16,"column":8},"end":{"line":18,"column":9}},{"start":{},"end":{}}],"line":16},"2":{"loc":{"start":{"line":27,"column":8},"end":{"line":32,"column":9}},"type":"if","locations":[{"start":{"line":27,"column":8},"end":{"line":32,"column":9}},{"start":{},"end":{}}],"line":27},"3":{"loc":{"start":{"line":29,"column":12},"end":{"line":31,"column":13}},"type":"if","locations":[{"start":{"line":29,"column":12},"end":{"line":31,"column":13}},{"start":{},"end":{}}],"line":29},"4":{"loc":{"start":{"line":43,"column":4},"end":{"line":45,"column":5}},"type":"if","locations":[{"start":{"line":43,"column":4},"end":{"line":45,"column":5}},{"start":{},"end":{}}],"line":43}},"s":{"0":2,"1":2,"2":2,"3":2,"4":2,"5":2,"6":6,"7":6,"8":5,"9":1,"10":4,"11":4,"12":1,"13":3,"14":3,"15":3,"16":3,"17":3,"18":3,"19":3,"20":1,"21":2,"22":6,"23":2,"24":4,"25":4,"26":2,"27":2},"f":{"0":6,"1":6},"b":{"0":[1,4],"1":[1,3],"2":[3,0],"3":[3,0],"4":[2,4]},"_coverageSchema":"1a1c01bbd47fc00a2c39e90264f33305004495a9","hash":"cd0a38206259ebe93eaeac264ae9587bab8eb688"}
,"C:\\Users\\jl444\\OneDrive\\Escritorio\\TFG\\Codigo\\Backend\\controllers\\calificacion.controller.js": {"path":"C:\\Users\\jl444\\OneDrive\\Escritorio\\TFG\\Codigo\\Backend\\controllers\\calificacion.controller.js","statementMap":{"0":{"start":{"line":1,"column":21},"end":{"line":1,"column":60}},"1":{"start":{"line":2,"column":14},"end":{"line":2,"column":46}},"2":{"start":{"line":3,"column":21},"end":{"line":3,"column":60}},"3":{"start":{"line":4,"column":19},"end":{"line":4,"column":56}},"4":{"start":{"line":6,"column":0},"end":{"line":59,"column":2}},"5":{"start":{"line":7,"column":2},"end":{"line":58,"column":3}},"6":{"start":{"line":10,"column":27},"end":{"line":12,"column":13}},"7":{"start":{"line":14,"column":27},"end":{"line":14,"column":29}},"8":{"start":{"line":16,"column":4},"end":{"line":51,"column":5}},"9":{"start":{"line":17,"column":29},"end":{"line":17,"column":34}},"10":{"start":{"line":18,"column":18},"end":{"line":18,"column":22}},"11":{"start":{"line":19,"column":25},"end":{"line":19,"column":29}},"12":{"start":{"line":22,"column":6},"end":{"line":30,"column":7}},"13":{"start":{"line":23,"column":8},"end":{"line":23,"column":55}},"14":{"start":{"line":24,"column":8},"end":{"line":29,"column":9}},"15":{"start":{"line":25,"column":23},"end":{"line":25,"column":67}},"16":{"start":{"line":26,"column":10},"end":{"line":28,"column":11}},"17":{"start":{"line":27,"column":12},"end":{"line":27,"column":36}},"18":{"start":{"line":33,"column":6},"end":{"line":41,"column":7}},"19":{"start":{"line":34,"column":8},"end":{"line":34,"column":76}},"20":{"start":{"line":35,"column":8},"end":{"line":40,"column":9}},"21":{"start":{"line":36,"column":23},"end":{"line":36,"column":74}},"22":{"start":{"line":37,"column":10},"end":{"line":39,"column":11}},"23":{"start":{"line":38,"column":12},"end":{"line":38,"column":36}},"24":{"start":{"line":44,"column":6},"end":{"line":50,"column":7}},"25":{"start":{"line":45,"column":8},"end":{"line":49,"column":11}},"26":{"start":{"line":53,"column":4},"end":{"line":53,"column":49}},"27":{"start":{"line":56,"column":4},"end":{"line":56,"column":70}},"28":{"start":{"line":57,"column":4},"end":{"line":57,"column":74}}},"fnMap":{"0":{"name":"(anonymous_0)","decl":{"start":{"line":6,"column":42},"end":{"line":6,"column":43}},"loc":{"start":{"line":6,"column":71},"end":{"line":59,"column":1}},"line":6}},"branchMap":{"0":{"loc":{"start":{"line":22,"column":6},"end":{"line":30,"column":7}},"type":"if","locations":[{"start":{"line":22,"column":6},"end":{"line":30,"column":7}},{"start":{},"end":{}}],"line":22},"1":{"loc":{"start":{"line":24,"column":8},"end":{"line":29,"column":9}},"type":"if","locations":[{"start":{"line":24,"column":8},"end":{"line":29,"column":9}},{"start":{},"end":{}}],"line":24},"2":{"loc":{"start":{"line":26,"column":10},"end":{"line":28,"column":11}},"type":"if","locations":[{"start":{"line":26,"column":10},"end":{"line":28,"column":11}},{"start":{},"end":{}}],"line":26},"3":{"loc":{"start":{"line":26,"column":14},"end":{"line":26,"column":60}},"type":"binary-expr","locations":[{"start":{"line":26,"column":14},"end":{"line":26,"column":18}},{"start":{"line":26,"column":22},"end":{"line":26,"column":60}}],"line":26},"4":{"loc":{"start":{"line":33,"column":6},"end":{"line":41,"column":7}},"type":"if","locations":[{"start":{"line":33,"column":6},"end":{"line":41,"column":7}},{"start":{},"end":{}}],"line":33},"5":{"loc":{"start":{"line":35,"column":8},"end":{"line":40,"column":9}},"type":"if","locations":[{"start":{"line":35,"column":8},"end":{"line":40,"column":9}},{"start":{},"end":{}}],"line":35},"6":{"loc":{"start":{"line":37,"column":10},"end":{"line":39,"column":11}},"type":"if","locations":[{"start":{"line":37,"column":10},"end":{"line":39,"column":11}},{"start":{},"end":{}}],"line":37},"7":{"loc":{"start":{"line":37,"column":14},"end":{"line":37,"column":60}},"type":"binary-expr","locations":[{"start":{"line":37,"column":14},"end":{"line":37,"column":18}},{"start":{"line":37,"column":22},"end":{"line":37,"column":60}}],"line":37},"8":{"loc":{"start":{"line":44,"column":6},"end":{"line":50,"column":7}},"type":"if","locations":[{"start":{"line":44,"column":6},"end":{"line":50,"column":7}},{"start":{},"end":{}}],"line":44},"9":{"loc":{"start":{"line":47,"column":17},"end":{"line":47,"column":72}},"type":"cond-expr","locations":[{"start":{"line":47,"column":25},"end":{"line":47,"column":65}},{"start":{"line":47,"column":68},"end":{"line":47,"column":72}}],"line":47},"10":{"loc":{"start":{"line":48,"column":24},"end":{"line":48,"column":100}},"type":"cond-expr","locations":[{"start":{"line":48,"column":39},"end":{"line":48,"column":93}},{"start":{"line":48,"column":96},"end":{"line":48,"column":100}}],"line":48}},"s":{"0":1,"1":1,"2":1,"3":1,"4":1,"5":3,"6":3,"7":2,"8":2,"9":2,"10":2,"11":2,"12":2,"13":2,"14":2,"15":2,"16":2,"17":1,"18":2,"19":0,"20":0,"21":0,"22":0,"23":0,"24":2,"25":1,"26":2,"27":1,"28":1},"f":{"0":3},"b":{"0":[2,0],"1":[2,0],"2":[1,1],"3":[2,2],"4":[0,2],"5":[0,0],"6":[0,0],"7":[0,0],"8":[1,1],"9":[1,0],"10":[0,1]},"_coverageSchema":"1a1c01bbd47fc00a2c39e90264f33305004495a9","hash":"a2dfb27b58a12ea9dde398b5aa695bb46e8c48e9"}
,"C:\\Users\\jl444\\OneDrive\\Escritorio\\TFG\\Codigo\\Backend\\controllers\\calificacionGeneral.controller.js": {"path":"C:\\Users\\jl444\\OneDrive\\Escritorio\\TFG\\Codigo\\Backend\\controllers\\calificacionGeneral.controller.js","statementMap":{"0":{"start":{"line":1,"column":28},"end":{"line":1,"column":74}},"1":{"start":{"line":2,"column":16},"end":{"line":2,"column":50}},"2":{"start":{"line":3,"column":14},"end":{"line":3,"column":46}},"3":{"start":{"line":4,"column":26},"end":{"line":4,"column":57}},"4":{"start":{"line":7,"column":21},"end":{"line":12,"column":1}},"5":{"start":{"line":8,"column":4},"end":{"line":10,"column":5}},"6":{"start":{"line":9,"column":8},"end":{"line":9,"column":21}},"7":{"start":{"line":11,"column":4},"end":{"line":11,"column":16}},"8":{"start":{"line":14,"column":0},"end":{"line":78,"column":2}},"9":{"start":{"line":15,"column":4},"end":{"line":77,"column":5}},"10":{"start":{"line":17,"column":27},"end":{"line":17,"column":76}},"11":{"start":{"line":18,"column":8},"end":{"line":20,"column":9}},"12":{"start":{"line":19,"column":12},"end":{"line":19,"column":107}},"13":{"start":{"line":22,"column":8},"end":{"line":24,"column":9}},"14":{"start":{"line":23,"column":12},"end":{"line":23,"column":103}},"15":{"start":{"line":26,"column":23},"end":{"line":26,"column":55}},"16":{"start":{"line":27,"column":8},"end":{"line":29,"column":9}},"17":{"start":{"line":28,"column":12},"end":{"line":28,"column":128}},"18":{"start":{"line":31,"column":22},"end":{"line":31,"column":51}},"19":{"start":{"line":32,"column":8},"end":{"line":34,"column":9}},"20":{"start":{"line":33,"column":12},"end":{"line":33,"column":98}},"21":{"start":{"line":36,"column":8},"end":{"line":41,"column":9}},"22":{"start":{"line":37,"column":29},"end":{"line":37,"column":63}},"23":{"start":{"line":38,"column":12},"end":{"line":40,"column":13}},"24":{"start":{"line":39,"column":16},"end":{"line":39,"column":136}},"25":{"start":{"line":44,"column":8},"end":{"line":52,"column":9}},"26":{"start":{"line":45,"column":30},"end":{"line":45,"column":120}},"27":{"start":{"line":46,"column":12},"end":{"line":48,"column":13}},"28":{"start":{"line":47,"column":16},"end":{"line":47,"column":153}},"29":{"start":{"line":49,"column":12},"end":{"line":51,"column":13}},"30":{"start":{"line":50,"column":16},"end":{"line":50,"column":160}},"31":{"start":{"line":54,"column":29},"end":{"line":58,"column":9}},"32":{"start":{"line":60,"column":28},"end":{"line":60,"column":74}},"33":{"start":{"line":61,"column":8},"end":{"line":65,"column":9}},"34":{"start":{"line":62,"column":27},"end":{"line":62,"column":62}},"35":{"start":{"line":63,"column":26},"end":{"line":63,"column":74}},"36":{"start":{"line":64,"column":12},"end":{"line":64,"column":93}},"37":{"start":{"line":67,"column":8},"end":{"line":67,"column":51}},"38":{"start":{"line":70,"column":8},"end":{"line":72,"column":9}},"39":{"start":{"line":71,"column":12},"end":{"line":71,"column":132}},"40":{"start":{"line":73,"column":8},"end":{"line":75,"column":9}},"41":{"start":{"line":74,"column":12},"end":{"line":74,"column":67}},"42":{"start":{"line":76,"column":8},"end":{"line":76,"column":111}},"43":{"start":{"line":80,"column":0},"end":{"line":91,"column":2}},"44":{"start":{"line":81,"column":4},"end":{"line":90,"column":5}},"45":{"start":{"line":82,"column":31},"end":{"line":85,"column":51}},"46":{"start":{"line":87,"column":8},"end":{"line":87,"column":53}},"47":{"start":{"line":89,"column":8},"end":{"line":89,"column":101}},"48":{"start":{"line":93,"column":0},"end":{"line":104,"column":2}},"49":{"start":{"line":94,"column":4},"end":{"line":103,"column":5}},"50":{"start":{"line":95,"column":31},"end":{"line":98,"column":51}},"51":{"start":{"line":100,"column":8},"end":{"line":100,"column":53}},"52":{"start":{"line":102,"column":8},"end":{"line":102,"column":111}}},"fnMap":{"0":{"name":"(anonymous_0)","decl":{"start":{"line":7,"column":21},"end":{"line":7,"column":22}},"loc":{"start":{"line":7,"column":31},"end":{"line":12,"column":1}},"line":7},"1":{"name":"(anonymous_1)","decl":{"start":{"line":14,"column":46},"end":{"line":14,"column":47}},"loc":{"start":{"line":14,"column":99},"end":{"line":78,"column":1}},"line":14},"2":{"name":"(anonymous_2)","decl":{"start":{"line":80,"column":44},"end":{"line":80,"column":45}},"loc":{"start":{"line":80,"column":73},"end":{"line":91,"column":1}},"line":80},"3":{"name":"(anonymous_3)","decl":{"start":{"line":93,"column":35},"end":{"line":93,"column":36}},"loc":{"start":{"line":93,"column":54},"end":{"line":104,"column":1}},"line":93}},"branchMap":{"0":{"loc":{"start":{"line":8,"column":4},"end":{"line":10,"column":5}},"type":"if","locations":[{"start":{"line":8,"column":4},"end":{"line":10,"column":5}},{"start":{},"end":{}}],"line":8},"1":{"loc":{"start":{"line":8,"column":8},"end":{"line":8,"column":56}},"type":"binary-expr","locations":[{"start":{"line":8,"column":8},"end":{"line":8,"column":31}},{"start":{"line":8,"column":35},"end":{"line":8,"column":43}},{"start":{"line":8,"column":47},"end":{"line":8,"column":56}}],"line":8},"2":{"loc":{"start":{"line":18,"column":8},"end":{"line":20,"column":9}},"type":"if","locations":[{"start":{"line":18,"column":8},"end":{"line":20,"column":9}},{"start":{},"end":{}}],"line":18},"3":{"loc":{"start":{"line":18,"column":12},"end":{"line":18,"column":47}},"type":"binary-expr","locations":[{"start":{"line":18,"column":12},"end":{"line":18,"column":17}},{"start":{"line":18,"column":21},"end":{"line":18,"column":47}}],"line":18},"4":{"loc":{"start":{"line":22,"column":8},"end":{"line":24,"column":9}},"type":"if","locations":[{"start":{"line":22,"column":8},"end":{"line":24,"column":9}},{"start":{},"end":{}}],"line":22},"5":{"loc":{"start":{"line":27,"column":8},"end":{"line":29,"column":9}},"type":"if","locations":[{"start":{"line":27,"column":8},"end":{"line":29,"column":9}},{"start":{},"end":{}}],"line":27},"6":{"loc":{"start":{"line":27,"column":12},"end":{"line":27,"column":47}},"type":"binary-expr","locations":[{"start":{"line":27,"column":12},"end":{"line":27,"column":19}},{"start":{"line":27,"column":23},"end":{"line":27,"column":47}}],"line":27},"7":{"loc":{"start":{"line":32,"column":8},"end":{"line":34,"column":9}},"type":"if","locations":[{"start":{"line":32,"column":8},"end":{"line":34,"column":9}},{"start":{},"end":{}}],"line":32},"8":{"loc":{"start":{"line":36,"column":8},"end":{"line":41,"column":9}},"type":"if","locations":[{"start":{"line":36,"column":8},"end":{"line":41,"column":9}},{"start":{},"end":{}}],"line":36},"9":{"loc":{"start":{"line":38,"column":12},"end":{"line":40,"column":13}},"type":"if","locations":[{"start":{"line":38,"column":12},"end":{"line":40,"column":13}},{"start":{},"end":{}}],"line":38},"10":{"loc":{"start":{"line":38,"column":16},"end":{"line":38,"column":57}},"type":"binary-expr","locations":[{"start":{"line":38,"column":16},"end":{"line":38,"column":25}},{"start":{"line":38,"column":29},"end":{"line":38,"column":57}}],"line":38},"11":{"loc":{"start":{"line":44,"column":8},"end":{"line":52,"column":9}},"type":"if","locations":[{"start":{"line":44,"column":8},"end":{"line":52,"column":9}},{"start":{},"end":{}}],"line":44},"12":{"loc":{"start":{"line":46,"column":12},"end":{"line":48,"column":13}},"type":"if","locations":[{"start":{"line":46,"column":12},"end":{"line":48,"column":13}},{"start":{},"end":{}}],"line":46},"13":{"loc":{"start":{"line":49,"column":12},"end":{"line":51,"column":13}},"type":"if","locations":[{"start":{"line":49,"column":12},"end":{"line":51,"column":13}},{"start":{},"end":{}}],"line":49},"14":{"loc":{"start":{"line":61,"column":8},"end":{"line":65,"column":9}},"type":"if","locations":[{"start":{"line":61,"column":8},"end":{"line":65,"column":9}},{"start":{},"end":{}}],"line":61},"15":{"loc":{"start":{"line":70,"column":8},"end":{"line":72,"column":9}},"type":"if","locations":[{"start":{"line":70,"column":8},"end":{"line":72,"column":9}},{"start":{},"end":{}}],"line":70},"16":{"loc":{"start":{"line":73,"column":8},"end":{"line":75,"column":9}},"type":"if","locations":[{"start":{"line":73,"column":8},"end":{"line":75,"column":9}},{"start":{},"end":{}}],"line":73}},"s":{"0":1,"1":1,"2":1,"3":1,"4":1,"5":4,"6":1,"7":3,"8":1,"9":4,"10":4,"11":4,"12":0,"13":4,"14":1,"15":3,"16":3,"17":0,"18":3,"19":3,"20":0,"21":3,"22":3,"23":3,"24":0,"25":3,"26":2,"27":2,"28":1,"29":1,"30":1,"31":1,"32":1,"33":1,"34":1,"35":1,"36":1,"37":1,"38":0,"39":0,"40":0,"41":0,"42":0,"43":1,"44":2,"45":2,"46":2,"47":0,"48":1,"49":1,"50":1,"51":1,"52":0},"f":{"0":4,"1":4,"2":2,"3":1},"b":{"0":[1,3],"1":[4,4,4],"2":[0,4],"3":[4,4],"4":[1,3],"5":[0,3],"6":[3,3],"7":[0,3],"8":[3,0],"9":[0,3],"10":[3,3],"11":[2,1],"12":[1,1],"13":[1,0],"14":[1,0],"15":[0,0],"16":[0,0]},"_coverageSchema":"1a1c01bbd47fc00a2c39e90264f33305004495a9","hash":"004abbcba89f4800986f0b59e8b50437ff56b967"}
,"C:\\Users\\jl444\\OneDrive\\Escritorio\\TFG\\Codigo\\Backend\\controllers\\cuestionario.controller.js": {"path":"C:\\Users\\jl444\\OneDrive\\Escritorio\\TFG\\Codigo\\Backend\\controllers\\cuestionario.controller.js","statementMap":{"0":{"start":{"line":1,"column":21},"end":{"line":1,"column":60}},"1":{"start":{"line":2,"column":16},"end":{"line":2,"column":50}},"2":{"start":{"line":3,"column":21},"end":{"line":3,"column":60}},"3":{"start":{"line":4,"column":19},"end":{"line":4,"column":56}},"4":{"start":{"line":5,"column":26},"end":{"line":5,"column":57}},"5":{"start":{"line":6,"column":0},"end":{"line":37,"column":2}},"6":{"start":{"line":7,"column":4},"end":{"line":36,"column":5}},"7":{"start":{"line":8,"column":27},"end":{"line":8,"column":75}},"8":{"start":{"line":9,"column":8},"end":{"line":11,"column":9}},"9":{"start":{"line":10,"column":12},"end":{"line":10,"column":116}},"10":{"start":{"line":12,"column":8},"end":{"line":14,"column":9}},"11":{"start":{"line":13,"column":12},"end":{"line":13,"column":106}},"12":{"start":{"line":15,"column":8},"end":{"line":17,"column":9}},"13":{"start":{"line":16,"column":12},"end":{"line":16,"column":102}},"14":{"start":{"line":18,"column":25},"end":{"line":18,"column":59}},"15":{"start":{"line":19,"column":8},"end":{"line":21,"column":9}},"16":{"start":{"line":20,"column":12},"end":{"line":20,"column":89}},"17":{"start":{"line":22,"column":29},"end":{"line":22,"column":92}},"18":{"start":{"line":23,"column":8},"end":{"line":23,"column":34}},"19":{"start":{"line":24,"column":8},"end":{"line":27,"column":11}},"20":{"start":{"line":28,"column":28},"end":{"line":28,"column":74}},"21":{"start":{"line":29,"column":28},"end":{"line":29,"column":75}},"22":{"start":{"line":30,"column":23},"end":{"line":30,"column":54}},"23":{"start":{"line":31,"column":22},"end":{"line":31,"column":156}},"24":{"start":{"line":32,"column":8},"end":{"line":32,"column":99}},"25":{"start":{"line":33,"column":8},"end":{"line":33,"column":51}},"26":{"start":{"line":35,"column":8},"end":{"line":35,"column":63}},"27":{"start":{"line":39,"column":0},"end":{"line":84,"column":2}},"28":{"start":{"line":40,"column":4},"end":{"line":83,"column":5}},"29":{"start":{"line":41,"column":29},"end":{"line":41,"column":72}},"30":{"start":{"line":42,"column":8},"end":{"line":44,"column":9}},"31":{"start":{"line":43,"column":12},"end":{"line":43,"column":83}},"32":{"start":{"line":47,"column":8},"end":{"line":49,"column":9}},"33":{"start":{"line":48,"column":12},"end":{"line":48,"column":107}},"34":{"start":{"line":51,"column":27},"end":{"line":51,"column":75}},"35":{"start":{"line":52,"column":8},"end":{"line":54,"column":9}},"36":{"start":{"line":53,"column":12},"end":{"line":53,"column":116}},"37":{"start":{"line":55,"column":8},"end":{"line":57,"column":9}},"38":{"start":{"line":56,"column":12},"end":{"line":56,"column":106}},"39":{"start":{"line":58,"column":8},"end":{"line":60,"column":9}},"40":{"start":{"line":59,"column":12},"end":{"line":59,"column":102}},"41":{"start":{"line":63,"column":8},"end":{"line":69,"column":9}},"42":{"start":{"line":64,"column":26},"end":{"line":64,"column":64}},"43":{"start":{"line":65,"column":12},"end":{"line":67,"column":13}},"44":{"start":{"line":66,"column":16},"end":{"line":66,"column":95}},"45":{"start":{"line":68,"column":12},"end":{"line":68,"column":49}},"46":{"start":{"line":70,"column":36},"end":{"line":70,"column":121}},"47":{"start":{"line":71,"column":8},"end":{"line":74,"column":11}},"48":{"start":{"line":75,"column":28},"end":{"line":75,"column":74}},"49":{"start":{"line":76,"column":28},"end":{"line":76,"column":75}},"50":{"start":{"line":77,"column":23},"end":{"line":77,"column":81}},"51":{"start":{"line":78,"column":22},"end":{"line":78,"column":152}},"52":{"start":{"line":79,"column":8},"end":{"line":79,"column":106}},"53":{"start":{"line":80,"column":8},"end":{"line":80,"column":58}},"54":{"start":{"line":82,"column":8},"end":{"line":82,"column":63}},"55":{"start":{"line":86,"column":0},"end":{"line":103,"column":2}},"56":{"start":{"line":87,"column":4},"end":{"line":102,"column":5}},"57":{"start":{"line":88,"column":24},"end":{"line":88,"column":57}},"58":{"start":{"line":89,"column":8},"end":{"line":89,"column":88}},"59":{"start":{"line":89,"column":22},"end":{"line":89,"column":88}},"60":{"start":{"line":91,"column":22},"end":{"line":91,"column":38}},"61":{"start":{"line":92,"column":8},"end":{"line":97,"column":9}},"62":{"start":{"line":93,"column":12},"end":{"line":93,"column":39}},"63":{"start":{"line":96,"column":12},"end":{"line":96,"column":38}},"64":{"start":{"line":98,"column":30},"end":{"line":98,"column":60}},"65":{"start":{"line":99,"column":8},"end":{"line":99,"column":52}},"66":{"start":{"line":101,"column":8},"end":{"line":101,"column":63}},"67":{"start":{"line":105,"column":0},"end":{"line":113,"column":2}},"68":{"start":{"line":106,"column":4},"end":{"line":112,"column":5}},"69":{"start":{"line":107,"column":29},"end":{"line":107,"column":115}},"70":{"start":{"line":108,"column":8},"end":{"line":108,"column":98}},"71":{"start":{"line":108,"column":27},"end":{"line":108,"column":98}},"72":{"start":{"line":109,"column":8},"end":{"line":109,"column":51}},"73":{"start":{"line":111,"column":8},"end":{"line":111,"column":63}},"74":{"start":{"line":116,"column":0},"end":{"line":124,"column":2}},"75":{"start":{"line":117,"column":4},"end":{"line":123,"column":5}},"76":{"start":{"line":118,"column":29},"end":{"line":118,"column":81}},"77":{"start":{"line":119,"column":8},"end":{"line":119,"column":98}},"78":{"start":{"line":119,"column":27},"end":{"line":119,"column":98}},"79":{"start":{"line":120,"column":8},"end":{"line":120,"column":51}},"80":{"start":{"line":122,"column":8},"end":{"line":122,"column":63}},"81":{"start":{"line":126,"column":0},"end":{"line":136,"column":2}},"82":{"start":{"line":127,"column":4},"end":{"line":135,"column":5}},"83":{"start":{"line":128,"column":29},"end":{"line":128,"column":72}},"84":{"start":{"line":129,"column":8},"end":{"line":131,"column":9}},"85":{"start":{"line":130,"column":12},"end":{"line":130,"column":83}},"86":{"start":{"line":132,"column":8},"end":{"line":132,"column":51}},"87":{"start":{"line":134,"column":8},"end":{"line":134,"column":63}},"88":{"start":{"line":138,"column":0},"end":{"line":189,"column":2}},"89":{"start":{"line":139,"column":4},"end":{"line":188,"column":5}},"90":{"start":{"line":140,"column":29},"end":{"line":140,"column":72}},"91":{"start":{"line":141,"column":8},"end":{"line":143,"column":9}},"92":{"start":{"line":142,"column":12},"end":{"line":142,"column":83}},"93":{"start":{"line":145,"column":8},"end":{"line":147,"column":9}},"94":{"start":{"line":146,"column":12},"end":{"line":146,"column":112}},"95":{"start":{"line":148,"column":8},"end":{"line":150,"column":9}},"96":{"start":{"line":149,"column":12},"end":{"line":149,"column":119}},"97":{"start":{"line":152,"column":24},"end":{"line":152,"column":25}},"98":{"start":{"line":153,"column":8},"end":{"line":159,"column":11}},"99":{"start":{"line":154,"column":43},"end":{"line":154,"column":99}},"100":{"start":{"line":154,"column":86},"end":{"line":154,"column":98}},"101":{"start":{"line":155,"column":40},"end":{"line":155,"column":77}},"102":{"start":{"line":156,"column":12},"end":{"line":158,"column":13}},"103":{"start":{"line":157,"column":16},"end":{"line":157,"column":28}},"104":{"start":{"line":161,"column":21},"end":{"line":161,"column":69}},"105":{"start":{"line":163,"column":38},"end":{"line":163,"column":116}},"106":{"start":{"line":165,"column":8},"end":{"line":171,"column":9}},"107":{"start":{"line":166,"column":12},"end":{"line":166,"column":57}},"108":{"start":{"line":167,"column":12},"end":{"line":167,"column":76}},"109":{"start":{"line":168,"column":12},"end":{"line":168,"column":60}},"110":{"start":{"line":169,"column":12},"end":{"line":169,"column":47}},"111":{"start":{"line":170,"column":12},"end":{"line":170,"column":64}},"112":{"start":{"line":173,"column":29},"end":{"line":179,"column":10}},"113":{"start":{"line":180,"column":8},"end":{"line":180,"column":34}},"114":{"start":{"line":181,"column":8},"end":{"line":181,"column":51}},"115":{"start":{"line":184,"column":8},"end":{"line":186,"column":9}},"116":{"start":{"line":185,"column":12},"end":{"line":185,"column":67}},"117":{"start":{"line":187,"column":8},"end":{"line":187,"column":96}},"118":{"start":{"line":191,"column":0},"end":{"line":213,"column":2}},"119":{"start":{"line":192,"column":4},"end":{"line":212,"column":5}},"120":{"start":{"line":193,"column":29},"end":{"line":193,"column":72}},"121":{"start":{"line":194,"column":8},"end":{"line":196,"column":9}},"122":{"start":{"line":195,"column":12},"end":{"line":195,"column":83}},"123":{"start":{"line":198,"column":8},"end":{"line":200,"column":9}},"124":{"start":{"line":199,"column":12},"end":{"line":199,"column":84}},"125":{"start":{"line":202,"column":28},"end":{"line":202,"column":85}},"126":{"start":{"line":203,"column":8},"end":{"line":203,"column":76}},"127":{"start":{"line":205,"column":8},"end":{"line":205,"column":34}},"128":{"start":{"line":208,"column":8},"end":{"line":208,"column":113}},"129":{"start":{"line":211,"column":8},"end":{"line":211,"column":104}},"130":{"start":{"line":215,"column":0},"end":{"line":234,"column":2}},"131":{"start":{"line":216,"column":4},"end":{"line":233,"column":5}},"132":{"start":{"line":217,"column":29},"end":{"line":217,"column":72}},"133":{"start":{"line":218,"column":8},"end":{"line":220,"column":9}},"134":{"start":{"line":219,"column":12},"end":{"line":219,"column":83}},"135":{"start":{"line":222,"column":8},"end":{"line":224,"column":9}},"136":{"start":{"line":223,"column":12},"end":{"line":223,"column":84}},"137":{"start":{"line":226,"column":8},"end":{"line":226,"column":68}},"138":{"start":{"line":227,"column":8},"end":{"line":227,"column":34}},"139":{"start":{"line":229,"column":8},"end":{"line":229,"column":113}},"140":{"start":{"line":232,"column":8},"end":{"line":232,"column":115}},"141":{"start":{"line":236,"column":0},"end":{"line":255,"column":2}},"142":{"start":{"line":237,"column":4},"end":{"line":254,"column":5}},"143":{"start":{"line":238,"column":29},"end":{"line":238,"column":72}},"144":{"start":{"line":239,"column":8},"end":{"line":241,"column":9}},"145":{"start":{"line":240,"column":12},"end":{"line":240,"column":83}},"146":{"start":{"line":243,"column":8},"end":{"line":245,"column":9}},"147":{"start":{"line":244,"column":12},"end":{"line":244,"column":84}},"148":{"start":{"line":247,"column":8},"end":{"line":247,"column":67}},"149":{"start":{"line":248,"column":8},"end":{"line":248,"column":34}},"150":{"start":{"line":250,"column":8},"end":{"line":250,"column":84}},"151":{"start":{"line":253,"column":8},"end":{"line":253,"column":107}}},"fnMap":{"0":{"name":"(anonymous_0)","decl":{"start":{"line":6,"column":28},"end":{"line":6,"column":29}},"loc":{"start":{"line":6,"column":68},"end":{"line":37,"column":1}},"line":6},"1":{"name":"(anonymous_1)","decl":{"start":{"line":39,"column":29},"end":{"line":39,"column":30}},"loc":{"start":{"line":39,"column":85},"end":{"line":84,"column":1}},"line":39},"2":{"name":"(anonymous_2)","decl":{"start":{"line":86,"column":43},"end":{"line":86,"column":44}},"loc":{"start":{"line":86,"column":72},"end":{"line":103,"column":1}},"line":86},"3":{"name":"(anonymous_3)","decl":{"start":{"line":105,"column":28},"end":{"line":105,"column":29}},"loc":{"start":{"line":105,"column":54},"end":{"line":113,"column":1}},"line":105},"4":{"name":"(anonymous_4)","decl":{"start":{"line":116,"column":29},"end":{"line":116,"column":30}},"loc":{"start":{"line":116,"column":55},"end":{"line":124,"column":1}},"line":116},"5":{"name":"(anonymous_5)","decl":{"start":{"line":126,"column":30},"end":{"line":126,"column":31}},"loc":{"start":{"line":126,"column":56},"end":{"line":136,"column":1}},"line":126},"6":{"name":"(anonymous_6)","decl":{"start":{"line":138,"column":31},"end":{"line":138,"column":32}},"loc":{"start":{"line":138,"column":85},"end":{"line":189,"column":1}},"line":138},"7":{"name":"(anonymous_7)","decl":{"start":{"line":153,"column":39},"end":{"line":153,"column":40}},"loc":{"start":{"line":153,"column":60},"end":{"line":159,"column":9}},"line":153},"8":{"name":"(anonymous_8)","decl":{"start":{"line":154,"column":81},"end":{"line":154,"column":82}},"loc":{"start":{"line":154,"column":86},"end":{"line":154,"column":98}},"line":154},"9":{"name":"(anonymous_9)","decl":{"start":{"line":191,"column":35},"end":{"line":191,"column":36}},"loc":{"start":{"line":191,"column":88},"end":{"line":213,"column":1}},"line":191},"10":{"name":"(anonymous_10)","decl":{"start":{"line":215,"column":36},"end":{"line":215,"column":37}},"loc":{"start":{"line":215,"column":82},"end":{"line":234,"column":1}},"line":215},"11":{"name":"(anonymous_11)","decl":{"start":{"line":236,"column":40},"end":{"line":236,"column":41}},"loc":{"start":{"line":236,"column":81},"end":{"line":255,"column":1}},"line":236}},"branchMap":{"0":{"loc":{"start":{"line":9,"column":8},"end":{"line":11,"column":9}},"type":"if","locations":[{"start":{"line":9,"column":8},"end":{"line":11,"column":9}},{"start":{},"end":{}}],"line":9},"1":{"loc":{"start":{"line":9,"column":12},"end":{"line":9,"column":57}},"type":"binary-expr","locations":[{"start":{"line":9,"column":12},"end":{"line":9,"column":23}},{"start":{"line":9,"column":27},"end":{"line":9,"column":57}}],"line":9},"2":{"loc":{"start":{"line":12,"column":8},"end":{"line":14,"column":9}},"type":"if","locations":[{"start":{"line":12,"column":8},"end":{"line":14,"column":9}},{"start":{},"end":{}}],"line":12},"3":{"loc":{"start":{"line":12,"column":12},"end":{"line":12,"column":122}},"type":"binary-expr","locations":[{"start":{"line":12,"column":12},"end":{"line":12,"column":39}},{"start":{"line":12,"column":43},"end":{"line":12,"column":80}},{"start":{"line":12,"column":84},"end":{"line":12,"column":122}}],"line":12},"4":{"loc":{"start":{"line":15,"column":8},"end":{"line":17,"column":9}},"type":"if","locations":[{"start":{"line":15,"column":8},"end":{"line":17,"column":9}},{"start":{},"end":{}}],"line":15},"5":{"loc":{"start":{"line":15,"column":12},"end":{"line":15,"column":78}},"type":"binary-expr","locations":[{"start":{"line":15,"column":12},"end":{"line":15,"column":37}},{"start":{"line":15,"column":41},"end":{"line":15,"column":78}}],"line":15},"6":{"loc":{"start":{"line":19,"column":8},"end":{"line":21,"column":9}},"type":"if","locations":[{"start":{"line":19,"column":8},"end":{"line":21,"column":9}},{"start":{},"end":{}}],"line":19},"7":{"loc":{"start":{"line":19,"column":12},"end":{"line":19,"column":53}},"type":"binary-expr","locations":[{"start":{"line":19,"column":12},"end":{"line":19,"column":21}},{"start":{"line":19,"column":25},"end":{"line":19,"column":53}}],"line":19},"8":{"loc":{"start":{"line":29,"column":28},"end":{"line":29,"column":75}},"type":"binary-expr","locations":[{"start":{"line":29,"column":28},"end":{"line":29,"column":52}},{"start":{"line":29,"column":56},"end":{"line":29,"column":75}}],"line":29},"9":{"loc":{"start":{"line":42,"column":8},"end":{"line":44,"column":9}},"type":"if","locations":[{"start":{"line":42,"column":8},"end":{"line":44,"column":9}},{"start":{},"end":{}}],"line":42},"10":{"loc":{"start":{"line":47,"column":8},"end":{"line":49,"column":9}},"type":"if","locations":[{"start":{"line":47,"column":8},"end":{"line":49,"column":9}},{"start":{},"end":{}}],"line":47},"11":{"loc":{"start":{"line":52,"column":8},"end":{"line":54,"column":9}},"type":"if","locations":[{"start":{"line":52,"column":8},"end":{"line":54,"column":9}},{"start":{},"end":{}}],"line":52},"12":{"loc":{"start":{"line":52,"column":12},"end":{"line":52,"column":57}},"type":"binary-expr","locations":[{"start":{"line":52,"column":12},"end":{"line":52,"column":23}},{"start":{"line":52,"column":27},"end":{"line":52,"column":57}}],"line":52},"13":{"loc":{"start":{"line":55,"column":8},"end":{"line":57,"column":9}},"type":"if","locations":[{"start":{"line":55,"column":8},"end":{"line":57,"column":9}},{"start":{},"end":{}}],"line":55},"14":{"loc":{"start":{"line":55,"column":12},"end":{"line":55,"column":122}},"type":"binary-expr","locations":[{"start":{"line":55,"column":12},"end":{"line":55,"column":39}},{"start":{"line":55,"column":43},"end":{"line":55,"column":80}},{"start":{"line":55,"column":84},"end":{"line":55,"column":122}}],"line":55},"15":{"loc":{"start":{"line":58,"column":8},"end":{"line":60,"column":9}},"type":"if","locations":[{"start":{"line":58,"column":8},"end":{"line":60,"column":9}},{"start":{},"end":{}}],"line":58},"16":{"loc":{"start":{"line":58,"column":12},"end":{"line":58,"column":78}},"type":"binary-expr","locations":[{"start":{"line":58,"column":12},"end":{"line":58,"column":37}},{"start":{"line":58,"column":41},"end":{"line":58,"column":78}}],"line":58},"17":{"loc":{"start":{"line":63,"column":8},"end":{"line":69,"column":9}},"type":"if","locations":[{"start":{"line":63,"column":8},"end":{"line":69,"column":9}},{"start":{},"end":{}}],"line":63},"18":{"loc":{"start":{"line":65,"column":12},"end":{"line":67,"column":13}},"type":"if","locations":[{"start":{"line":65,"column":12},"end":{"line":67,"column":13}},{"start":{},"end":{}}],"line":65},"19":{"loc":{"start":{"line":76,"column":28},"end":{"line":76,"column":75}},"type":"binary-expr","locations":[{"start":{"line":76,"column":28},"end":{"line":76,"column":52}},{"start":{"line":76,"column":56},"end":{"line":76,"column":75}}],"line":76},"20":{"loc":{"start":{"line":89,"column":8},"end":{"line":89,"column":88}},"type":"if","locations":[{"start":{"line":89,"column":8},"end":{"line":89,"column":88}},{"start":{},"end":{}}],"line":89},"21":{"loc":{"start":{"line":92,"column":8},"end":{"line":97,"column":9}},"type":"if","locations":[{"start":{"line":92,"column":8},"end":{"line":97,"column":9}},{"start":{"line":95,"column":13},"end":{"line":97,"column":9}}],"line":92},"22":{"loc":{"start":{"line":108,"column":8},"end":{"line":108,"column":98}},"type":"if","locations":[{"start":{"line":108,"column":8},"end":{"line":108,"column":98}},{"start":{},"end":{}}],"line":108},"23":{"loc":{"start":{"line":119,"column":8},"end":{"line":119,"column":98}},"type":"if","locations":[{"start":{"line":119,"column":8},"end":{"line":119,"column":98}},{"start":{},"end":{}}],"line":119},"24":{"loc":{"start":{"line":129,"column":8},"end":{"line":131,"column":9}},"type":"if","locations":[{"start":{"line":129,"column":8},"end":{"line":131,"column":9}},{"start":{},"end":{}}],"line":129},"25":{"loc":{"start":{"line":141,"column":8},"end":{"line":143,"column":9}},"type":"if","locations":[{"start":{"line":141,"column":8},"end":{"line":143,"column":9}},{"start":{},"end":{}}],"line":141},"26":{"loc":{"start":{"line":145,"column":8},"end":{"line":147,"column":9}},"type":"if","locations":[{"start":{"line":145,"column":8},"end":{"line":147,"column":9}},{"start":{},"end":{}}],"line":145},"27":{"loc":{"start":{"line":145,"column":12},"end":{"line":145,"column":103}},"type":"binary-expr","locations":[{"start":{"line":145,"column":12},"end":{"line":145,"column":32}},{"start":{"line":145,"column":37},"end":{"line":145,"column":61}},{"start":{"line":145,"column":65},"end":{"line":145,"column":102}}],"line":145},"28":{"loc":{"start":{"line":148,"column":8},"end":{"line":150,"column":9}},"type":"if","locations":[{"start":{"line":148,"column":8},"end":{"line":150,"column":9}},{"start":{},"end":{}}],"line":148},"29":{"loc":{"start":{"line":156,"column":12},"end":{"line":158,"column":13}},"type":"if","locations":[{"start":{"line":156,"column":12},"end":{"line":158,"column":13}},{"start":{},"end":{}}],"line":156},"30":{"loc":{"start":{"line":156,"column":16},"end":{"line":156,"column":95}},"type":"binary-expr","locations":[{"start":{"line":156,"column":16},"end":{"line":156,"column":45}},{"start":{"line":156,"column":49},"end":{"line":156,"column":95}}],"line":156},"31":{"loc":{"start":{"line":165,"column":8},"end":{"line":171,"column":9}},"type":"if","locations":[{"start":{"line":165,"column":8},"end":{"line":171,"column":9}},{"start":{},"end":{}}],"line":165},"32":{"loc":{"start":{"line":184,"column":8},"end":{"line":186,"column":9}},"type":"if","locations":[{"start":{"line":184,"column":8},"end":{"line":186,"column":9}},{"start":{},"end":{}}],"line":184},"33":{"loc":{"start":{"line":194,"column":8},"end":{"line":196,"column":9}},"type":"if","locations":[{"start":{"line":194,"column":8},"end":{"line":196,"column":9}},{"start":{},"end":{}}],"line":194},"34":{"loc":{"start":{"line":198,"column":8},"end":{"line":200,"column":9}},"type":"if","locations":[{"start":{"line":198,"column":8},"end":{"line":200,"column":9}},{"start":{},"end":{}}],"line":198},"35":{"loc":{"start":{"line":198,"column":12},"end":{"line":198,"column":79}},"type":"binary-expr","locations":[{"start":{"line":198,"column":12},"end":{"line":198,"column":29}},{"start":{"line":198,"column":33},"end":{"line":198,"column":79}}],"line":198},"36":{"loc":{"start":{"line":218,"column":8},"end":{"line":220,"column":9}},"type":"if","locations":[{"start":{"line":218,"column":8},"end":{"line":220,"column":9}},{"start":{},"end":{}}],"line":218},"37":{"loc":{"start":{"line":222,"column":8},"end":{"line":224,"column":9}},"type":"if","locations":[{"start":{"line":222,"column":8},"end":{"line":224,"column":9}},{"start":{},"end":{}}],"line":222},"38":{"loc":{"start":{"line":222,"column":12},"end":{"line":222,"column":79}},"type":"binary-expr","locations":[{"start":{"line":222,"column":12},"end":{"line":222,"column":29}},{"start":{"line":222,"column":33},"end":{"line":222,"column":79}}],"line":222},"39":{"loc":{"start":{"line":239,"column":8},"end":{"line":241,"column":9}},"type":"if","locations":[{"start":{"line":239,"column":8},"end":{"line":241,"column":9}},{"start":{},"end":{}}],"line":239},"40":{"loc":{"start":{"line":243,"column":8},"end":{"line":245,"column":9}},"type":"if","locations":[{"start":{"line":243,"column":8},"end":{"line":245,"column":9}},{"start":{},"end":{}}],"line":243},"41":{"loc":{"start":{"line":243,"column":12},"end":{"line":243,"column":79}},"type":"binary-expr","locations":[{"start":{"line":243,"column":12},"end":{"line":243,"column":29}},{"start":{"line":243,"column":33},"end":{"line":243,"column":79}}],"line":243}},"s":{"0":1,"1":1,"2":1,"3":1,"4":1,"5":1,"6":8,"7":8,"8":7,"9":4,"10":3,"11":0,"12":3,"13":0,"14":3,"15":3,"16":2,"17":1,"18":1,"19":1,"20":1,"21":1,"22":1,"23":1,"24":1,"25":1,"26":1,"27":1,"28":9,"29":9,"30":8,"31":1,"32":7,"33":1,"34":6,"35":6,"36":1,"37":5,"38":2,"39":3,"40":1,"41":2,"42":1,"43":1,"44":1,"45":0,"46":1,"47":1,"48":1,"49":1,"50":1,"51":1,"52":1,"53":1,"54":1,"55":1,"56":4,"57":4,"58":3,"59":1,"60":2,"61":2,"62":1,"63":1,"64":2,"65":2,"66":1,"67":1,"68":3,"69":3,"70":2,"71":1,"72":1,"73":1,"74":1,"75":3,"76":3,"77":2,"78":1,"79":1,"80":1,"81":1,"82":3,"83":3,"84":2,"85":1,"86":1,"87":1,"88":1,"89":6,"90":6,"91":5,"92":1,"93":4,"94":1,"95":3,"96":1,"97":2,"98":2,"99":2,"100":2,"101":2,"102":2,"103":2,"104":2,"105":2,"106":2,"107":1,"108":1,"109":1,"110":1,"111":1,"112":1,"113":1,"114":1,"115":1,"116":0,"117":1,"118":1,"119":5,"120":5,"121":4,"122":1,"123":3,"124":2,"125":1,"126":1,"127":1,"128":1,"129":1,"130":1,"131":5,"132":5,"133":4,"134":1,"135":3,"136":2,"137":1,"138":1,"139":1,"140":1,"141":1,"142":5,"143":5,"144":4,"145":1,"146":3,"147":2,"148":1,"149":1,"150":1,"151":1},"f":{"0":8,"1":9,"2":4,"3":3,"4":3,"5":3,"6":6,"7":2,"8":2,"9":5,"10":5,"11":5},"b":{"0":[4,3],"1":[7,7],"2":[0,3],"3":[3,3,3],"4":[0,3],"5":[3,3],"6":[2,1],"7":[3,2],"8":[1,0],"9":[1,7],"10":[1,6],"11":[1,5],"12":[6,6],"13":[2,3],"14":[5,5,4],"15":[1,2],"16":[3,3],"17":[1,1],"18":[1,0],"19":[1,0],"20":[1,2],"21":[1,1],"22":[1,1],"23":[1,1],"24":[1,1],"25":[1,4],"26":[1,3],"27":[4,3,0],"28":[1,2],"29":[2,0],"30":[2,2],"31":[1,1],"32":[0,1],"33":[1,3],"34":[2,1],"35":[3,2],"36":[1,3],"37":[2,1],"38":[3,2],"39":[1,3],"40":[2,1],"41":[3,2]},"_coverageSchema":"1a1c01bbd47fc00a2c39e90264f33305004495a9","hash":"895c11398cb4c35f4f2afc7a527e0a1ce7dcd9ae"}
,"C:\\Users\\jl444\\OneDrive\\Escritorio\\TFG\\Codigo\\Backend\\controllers\\email.controller.js": {"path":"C:\\Users\\jl444\\OneDrive\\Escritorio\\TFG\\Codigo\\Backend\\controllers\\email.controller.js","statementMap":{"0":{"start":{"line":2,"column":0},"end":{"line":2,"column":41}},"1":{"start":{"line":4,"column":0},"end":{"line":4,"column":16}},"2":{"start":{"line":6,"column":39},"end":{"line":27,"column":1}},"3":{"start":{"line":7,"column":14},"end":{"line":20,"column":3}},"4":{"start":{"line":21,"column":2},"end":{"line":26,"column":3}},"5":{"start":{"line":22,"column":4},"end":{"line":22,"column":27}},"6":{"start":{"line":23,"column":4},"end":{"line":23,"column":56}},"7":{"start":{"line":25,"column":4},"end":{"line":25,"column":80}}},"fnMap":{"0":{"name":"(anonymous_0)","decl":{"start":{"line":6,"column":39},"end":{"line":6,"column":40}},"loc":{"start":{"line":6,"column":83},"end":{"line":27,"column":1}},"line":6}},"branchMap":{"0":{"loc":{"start":{"line":25,"column":59},"end":{"line":25,"column":77}},"type":"binary-expr","locations":[{"start":{"line":25,"column":59},"end":{"line":25,"column":70}},{"start":{"line":25,"column":74},"end":{"line":25,"column":77}}],"line":25}},"s":{"0":3,"1":3,"2":3,"3":2,"4":2,"5":2,"6":1,"7":1},"f":{"0":2},"b":{"0":[1,0]},"_coverageSchema":"1a1c01bbd47fc00a2c39e90264f33305004495a9","hash":"85787b9d816f0a61527c5aa25d749776d8ed2ea0"}
,"C:\\Users\\jl444\\OneDrive\\Escritorio\\TFG\\Codigo\\Backend\\controllers\\grupo.controller.js": {"path":"C:\\Users\\jl444\\OneDrive\\Escritorio\\TFG\\Codigo\\Backend\\controllers\\grupo.controller.js","statementMap":{"0":{"start":{"line":1,"column":14},"end":{"line":1,"column":46}},"1":{"start":{"line":2,"column":16},"end":{"line":2,"column":50}},"2":{"start":{"line":3,"column":19},"end":{"line":3,"column":56}},"3":{"start":{"line":5,"column":0},"end":{"line":37,"column":2}},"4":{"start":{"line":6,"column":4},"end":{"line":36,"column":5}},"5":{"start":{"line":7,"column":25},"end":{"line":7,"column":59}},"6":{"start":{"line":8,"column":8},"end":{"line":10,"column":9}},"7":{"start":{"line":9,"column":12},"end":{"line":9,"column":101}},"8":{"start":{"line":12,"column":22},"end":{"line":12,"column":85}},"9":{"start":{"line":14,"column":22},"end":{"line":17,"column":11}},"10":{"start":{"line":14,"column":87},"end":{"line":17,"column":9}},"11":{"start":{"line":19,"column":29},"end":{"line":19,"column":63}},"12":{"start":{"line":20,"column":8},"end":{"line":20,"column":51}},"13":{"start":{"line":20,"column":44},"end":{"line":20,"column":49}},"14":{"start":{"line":22,"column":8},"end":{"line":22,"column":27}},"15":{"start":{"line":24,"column":8},"end":{"line":24,"column":44}},"16":{"start":{"line":26,"column":8},"end":{"line":34,"column":9}},"17":{"start":{"line":27,"column":12},"end":{"line":29,"column":13}},"18":{"start":{"line":28,"column":16},"end":{"line":28,"column":99}},"19":{"start":{"line":30,"column":12},"end":{"line":30,"column":67}},"20":{"start":{"line":31,"column":15},"end":{"line":34,"column":9}},"21":{"start":{"line":33,"column":12},"end":{"line":33,"column":106}},"22":{"start":{"line":35,"column":8},"end":{"line":35,"column":93}},"23":{"start":{"line":39,"column":0},"end":{"line":50,"column":2}},"24":{"start":{"line":40,"column":4},"end":{"line":49,"column":5}},"25":{"start":{"line":41,"column":22},"end":{"line":44,"column":9}},"26":{"start":{"line":45,"column":8},"end":{"line":45,"column":84}},"27":{"start":{"line":45,"column":20},"end":{"line":45,"column":84}},"28":{"start":{"line":46,"column":8},"end":{"line":46,"column":44}},"29":{"start":{"line":48,"column":8},"end":{"line":48,"column":63}},"30":{"start":{"line":52,"column":0},"end":{"line":70,"column":2}},"31":{"start":{"line":53,"column":4},"end":{"line":69,"column":5}},"32":{"start":{"line":54,"column":22},"end":{"line":54,"column":51}},"33":{"start":{"line":55,"column":8},"end":{"line":55,"column":84}},"34":{"start":{"line":55,"column":20},"end":{"line":55,"column":84}},"35":{"start":{"line":57,"column":33},"end":{"line":57,"column":67}},"36":{"start":{"line":57,"column":53},"end":{"line":57,"column":66}},"37":{"start":{"line":58,"column":33},"end":{"line":58,"column":102}},"38":{"start":{"line":58,"column":60},"end":{"line":58,"column":101}},"39":{"start":{"line":60,"column":8},"end":{"line":62,"column":9}},"40":{"start":{"line":61,"column":12},"end":{"line":61,"column":98}},"41":{"start":{"line":64,"column":8},"end":{"line":64,"column":41}},"42":{"start":{"line":65,"column":33},"end":{"line":65,"column":51}},"43":{"start":{"line":66,"column":8},"end":{"line":66,"column":55}},"44":{"start":{"line":68,"column":8},"end":{"line":68,"column":63}},"45":{"start":{"line":72,"column":0},"end":{"line":80,"column":2}},"46":{"start":{"line":73,"column":4},"end":{"line":79,"column":5}},"47":{"start":{"line":74,"column":22},"end":{"line":74,"column":123}},"48":{"start":{"line":75,"column":8},"end":{"line":75,"column":84}},"49":{"start":{"line":75,"column":20},"end":{"line":75,"column":84}},"50":{"start":{"line":76,"column":8},"end":{"line":76,"column":44}},"51":{"start":{"line":78,"column":8},"end":{"line":78,"column":63}},"52":{"start":{"line":82,"column":0},"end":{"line":90,"column":2}},"53":{"start":{"line":83,"column":4},"end":{"line":89,"column":5}},"54":{"start":{"line":84,"column":22},"end":{"line":84,"column":55}},"55":{"start":{"line":85,"column":8},"end":{"line":85,"column":84}},"56":{"start":{"line":85,"column":20},"end":{"line":85,"column":84}},"57":{"start":{"line":86,"column":8},"end":{"line":86,"column":44}},"58":{"start":{"line":88,"column":8},"end":{"line":88,"column":63}},"59":{"start":{"line":92,"column":0},"end":{"line":99,"column":2}},"60":{"start":{"line":93,"column":4},"end":{"line":98,"column":5}},"61":{"start":{"line":94,"column":23},"end":{"line":94,"column":176}},"62":{"start":{"line":95,"column":8},"end":{"line":95,"column":45}},"63":{"start":{"line":97,"column":8},"end":{"line":97,"column":63}}},"fnMap":{"0":{"name":"(anonymous_0)","decl":{"start":{"line":5,"column":21},"end":{"line":5,"column":22}},"loc":{"start":{"line":5,"column":62},"end":{"line":37,"column":1}},"line":5},"1":{"name":"(anonymous_1)","decl":{"start":{"line":14,"column":72},"end":{"line":14,"column":73}},"loc":{"start":{"line":14,"column":87},"end":{"line":17,"column":9}},"line":14},"2":{"name":"(anonymous_2)","decl":{"start":{"line":20,"column":39},"end":{"line":20,"column":40}},"loc":{"start":{"line":20,"column":44},"end":{"line":20,"column":49}},"line":20},"3":{"name":"(anonymous_3)","decl":{"start":{"line":39,"column":28},"end":{"line":39,"column":29}},"loc":{"start":{"line":39,"column":58},"end":{"line":50,"column":1}},"line":39},"4":{"name":"(anonymous_4)","decl":{"start":{"line":52,"column":33},"end":{"line":52,"column":34}},"loc":{"start":{"line":52,"column":63},"end":{"line":70,"column":1}},"line":52},"5":{"name":"(anonymous_5)","decl":{"start":{"line":57,"column":47},"end":{"line":57,"column":48}},"loc":{"start":{"line":57,"column":53},"end":{"line":57,"column":66}},"line":57},"6":{"name":"(anonymous_6)","decl":{"start":{"line":58,"column":54},"end":{"line":58,"column":55}},"loc":{"start":{"line":58,"column":60},"end":{"line":58,"column":101}},"line":58},"7":{"name":"(anonymous_7)","decl":{"start":{"line":72,"column":23},"end":{"line":72,"column":24}},"loc":{"start":{"line":72,"column":37},"end":{"line":80,"column":1}},"line":72},"8":{"name":"(anonymous_8)","decl":{"start":{"line":82,"column":26},"end":{"line":82,"column":27}},"loc":{"start":{"line":82,"column":40},"end":{"line":90,"column":1}},"line":82},"9":{"name":"(anonymous_9)","decl":{"start":{"line":92,"column":28},"end":{"line":92,"column":29}},"loc":{"start":{"line":92,"column":49},"end":{"line":99,"column":1}},"line":92}},"branchMap":{"0":{"loc":{"start":{"line":8,"column":8},"end":{"line":10,"column":9}},"type":"if","locations":[{"start":{"line":8,"column":8},"end":{"line":10,"column":9}},{"start":{},"end":{}}],"line":8},"1":{"loc":{"start":{"line":8,"column":12},"end":{"line":8,"column":53}},"type":"binary-expr","locations":[{"start":{"line":8,"column":12},"end":{"line":8,"column":21}},{"start":{"line":8,"column":25},"end":{"line":8,"column":53}}],"line":8},"2":{"loc":{"start":{"line":26,"column":8},"end":{"line":34,"column":9}},"type":"if","locations":[{"start":{"line":26,"column":8},"end":{"line":34,"column":9}},{"start":{"line":31,"column":15},"end":{"line":34,"column":9}}],"line":26},"3":{"loc":{"start":{"line":27,"column":12},"end":{"line":29,"column":13}},"type":"if","locations":[{"start":{"line":27,"column":12},"end":{"line":29,"column":13}},{"start":{},"end":{}}],"line":27},"4":{"loc":{"start":{"line":31,"column":15},"end":{"line":34,"column":9}},"type":"if","locations":[{"start":{"line":31,"column":15},"end":{"line":34,"column":9}},{"start":{},"end":{}}],"line":31},"5":{"loc":{"start":{"line":45,"column":8},"end":{"line":45,"column":84}},"type":"if","locations":[{"start":{"line":45,"column":8},"end":{"line":45,"column":84}},{"start":{},"end":{}}],"line":45},"6":{"loc":{"start":{"line":55,"column":8},"end":{"line":55,"column":84}},"type":"if","locations":[{"start":{"line":55,"column":8},"end":{"line":55,"column":84}},{"start":{},"end":{}}],"line":55},"7":{"loc":{"start":{"line":60,"column":8},"end":{"line":62,"column":9}},"type":"if","locations":[{"start":{"line":60,"column":8},"end":{"line":62,"column":9}},{"start":{},"end":{}}],"line":60},"8":{"loc":{"start":{"line":75,"column":8},"end":{"line":75,"column":84}},"type":"if","locations":[{"start":{"line":75,"column":8},"end":{"line":75,"column":84}},{"start":{},"end":{}}],"line":75},"9":{"loc":{"start":{"line":85,"column":8},"end":{"line":85,"column":84}},"type":"if","locations":[{"start":{"line":85,"column":8},"end":{"line":85,"column":84}},{"start":{},"end":{}}],"line":85}},"s":{"0":1,"1":1,"2":1,"3":1,"4":2,"5":2,"6":2,"7":1,"8":1,"9":1,"10":4,"11":1,"12":1,"13":4,"14":1,"15":1,"16":0,"17":0,"18":0,"19":0,"20":0,"21":0,"22":0,"23":1,"24":1,"25":1,"26":1,"27":0,"28":1,"29":0,"30":1,"31":2,"32":2,"33":2,"34":0,"35":2,"36":2,"37":2,"38":3,"39":2,"40":1,"41":1,"42":1,"43":1,"44":0,"45":1,"46":1,"47":1,"48":1,"49":0,"50":1,"51":0,"52":1,"53":1,"54":1,"55":1,"56":0,"57":1,"58":0,"59":1,"60":1,"61":1,"62":1,"63":0},"f":{"0":2,"1":4,"2":4,"3":1,"4":2,"5":2,"6":3,"7":1,"8":1,"9":1},"b":{"0":[1,1],"1":[2,1],"2":[0,0],"3":[0,0],"4":[0,0],"5":[0,1],"6":[0,2],"7":[1,1],"8":[0,1],"9":[0,1]},"_coverageSchema":"1a1c01bbd47fc00a2c39e90264f33305004495a9","hash":"76b4d7490a9bd87e3cc44b87f0cec5127d38f70a"}
,"C:\\Users\\jl444\\OneDrive\\Escritorio\\TFG\\Codigo\\Backend\\controllers\\mensaje.controller.js": {"path":"C:\\Users\\jl444\\OneDrive\\Escritorio\\TFG\\Codigo\\Backend\\controllers\\mensaje.controller.js","statementMap":{"0":{"start":{"line":1,"column":16},"end":{"line":1,"column":50}},"1":{"start":{"line":2,"column":16},"end":{"line":2,"column":50}},"2":{"start":{"line":4,"column":0},"end":{"line":25,"column":2}},"3":{"start":{"line":5,"column":4},"end":{"line":24,"column":5}},"4":{"start":{"line":6,"column":26},"end":{"line":6,"column":61}},"5":{"start":{"line":7,"column":8},"end":{"line":9,"column":9}},"6":{"start":{"line":8,"column":12},"end":{"line":8,"column":102}},"7":{"start":{"line":11,"column":38},"end":{"line":11,"column":96}},"8":{"start":{"line":11,"column":65},"end":{"line":11,"column":94}},"9":{"start":{"line":13,"column":24},"end":{"line":13,"column":125}},"10":{"start":{"line":14,"column":8},"end":{"line":14,"column":46}},"11":{"start":{"line":17,"column":8},"end":{"line":22,"column":9}},"12":{"start":{"line":18,"column":12},"end":{"line":20,"column":13}},"13":{"start":{"line":19,"column":16},"end":{"line":19,"column":107}},"14":{"start":{"line":21,"column":12},"end":{"line":21,"column":67}},"15":{"start":{"line":23,"column":8},"end":{"line":23,"column":95}},"16":{"start":{"line":27,"column":0},"end":{"line":57,"column":2}},"17":{"start":{"line":28,"column":4},"end":{"line":56,"column":5}},"18":{"start":{"line":29,"column":24},"end":{"line":29,"column":57}},"19":{"start":{"line":30,"column":8},"end":{"line":32,"column":9}},"20":{"start":{"line":31,"column":12},"end":{"line":31,"column":78}},"21":{"start":{"line":34,"column":21},"end":{"line":34,"column":39}},"22":{"start":{"line":36,"column":22},"end":{"line":41,"column":9}},"23":{"start":{"line":43,"column":25},"end":{"line":48,"column":25}},"24":{"start":{"line":50,"column":22},"end":{"line":50,"column":57}},"25":{"start":{"line":52,"column":8},"end":{"line":52,"column":97}},"26":{"start":{"line":55,"column":8},"end":{"line":55,"column":63}},"27":{"start":{"line":59,"column":0},"end":{"line":74,"column":2}},"28":{"start":{"line":60,"column":4},"end":{"line":73,"column":5}},"29":{"start":{"line":61,"column":24},"end":{"line":63,"column":64}},"30":{"start":{"line":65,"column":8},"end":{"line":67,"column":9}},"31":{"start":{"line":66,"column":12},"end":{"line":66,"column":78}},"32":{"start":{"line":69,"column":8},"end":{"line":69,"column":46}},"33":{"start":{"line":72,"column":8},"end":{"line":72,"column":97}},"34":{"start":{"line":76,"column":0},"end":{"line":91,"column":2}},"35":{"start":{"line":77,"column":4},"end":{"line":90,"column":5}},"36":{"start":{"line":78,"column":24},"end":{"line":82,"column":9}},"37":{"start":{"line":84,"column":8},"end":{"line":86,"column":9}},"38":{"start":{"line":85,"column":12},"end":{"line":85,"column":107}},"39":{"start":{"line":87,"column":8},"end":{"line":87,"column":90}},"40":{"start":{"line":89,"column":8},"end":{"line":89,"column":104}}},"fnMap":{"0":{"name":"(anonymous_0)","decl":{"start":{"line":4,"column":23},"end":{"line":4,"column":24}},"loc":{"start":{"line":4,"column":78},"end":{"line":25,"column":1}},"line":4},"1":{"name":"(anonymous_1)","decl":{"start":{"line":11,"column":58},"end":{"line":11,"column":59}},"loc":{"start":{"line":11,"column":65},"end":{"line":11,"column":94}},"line":11},"2":{"name":"(anonymous_2)","decl":{"start":{"line":27,"column":31},"end":{"line":27,"column":32}},"loc":{"start":{"line":27,"column":74},"end":{"line":57,"column":1}},"line":27},"3":{"name":"(anonymous_3)","decl":{"start":{"line":59,"column":25},"end":{"line":59,"column":26}},"loc":{"start":{"line":59,"column":46},"end":{"line":74,"column":1}},"line":59},"4":{"name":"(anonymous_4)","decl":{"start":{"line":76,"column":26},"end":{"line":76,"column":27}},"loc":{"start":{"line":76,"column":58},"end":{"line":91,"column":1}},"line":76}},"branchMap":{"0":{"loc":{"start":{"line":7,"column":8},"end":{"line":9,"column":9}},"type":"if","locations":[{"start":{"line":7,"column":8},"end":{"line":9,"column":9}},{"start":{},"end":{}}],"line":7},"1":{"loc":{"start":{"line":17,"column":8},"end":{"line":22,"column":9}},"type":"if","locations":[{"start":{"line":17,"column":8},"end":{"line":22,"column":9}},{"start":{},"end":{}}],"line":17},"2":{"loc":{"start":{"line":18,"column":12},"end":{"line":20,"column":13}},"type":"if","locations":[{"start":{"line":18,"column":12},"end":{"line":20,"column":13}},{"start":{},"end":{}}],"line":18},"3":{"loc":{"start":{"line":27,"column":49},"end":{"line":27,"column":57}},"type":"default-arg","locations":[{"start":{"line":27,"column":56},"end":{"line":27,"column":57}}],"line":27},"4":{"loc":{"start":{"line":27,"column":59},"end":{"line":27,"column":69}},"type":"default-arg","locations":[{"start":{"line":27,"column":67},"end":{"line":27,"column":69}}],"line":27},"5":{"loc":{"start":{"line":30,"column":8},"end":{"line":32,"column":9}},"type":"if","locations":[{"start":{"line":30,"column":8},"end":{"line":32,"column":9}},{"start":{},"end":{}}],"line":30},"6":{"loc":{"start":{"line":65,"column":8},"end":{"line":67,"column":9}},"type":"if","locations":[{"start":{"line":65,"column":8},"end":{"line":67,"column":9}},{"start":{},"end":{}}],"line":65},"7":{"loc":{"start":{"line":84,"column":8},"end":{"line":86,"column":9}},"type":"if","locations":[{"start":{"line":84,"column":8},"end":{"line":86,"column":9}},{"start":{},"end":{}}],"line":84}},"s":{"0":4,"1":4,"2":4,"3":2,"4":2,"5":2,"6":1,"7":1,"8":1,"9":1,"10":1,"11":0,"12":0,"13":0,"14":0,"15":0,"16":4,"17":1,"18":1,"19":1,"20":0,"21":1,"22":1,"23":1,"24":1,"25":1,"26":0,"27":4,"28":1,"29":1,"30":1,"31":0,"32":1,"33":0,"34":4,"35":1,"36":1,"37":1,"38":0,"39":1,"40":0},"f":{"0":2,"1":1,"2":1,"3":1,"4":1},"b":{"0":[1,1],"1":[0,0],"2":[0,0],"3":[1],"4":[1],"5":[0,1],"6":[0,1],"7":[0,1]},"_coverageSchema":"1a1c01bbd47fc00a2c39e90264f33305004495a9","hash":"b098e8c2626e23a8aa60dba8b2ccce6d41144ca8"}
,"C:\\Users\\jl444\\OneDrive\\Escritorio\\TFG\\Codigo\\Backend\\controllers\\ramaConfig.controller.js": {"path":"C:\\Users\\jl444\\OneDrive\\Escritorio\\TFG\\Codigo\\Backend\\controllers\\ramaConfig.controller.js","statementMap":{"0":{"start":{"line":1,"column":19},"end":{"line":1,"column":56}},"1":{"start":{"line":4,"column":0},"end":{"line":12,"column":2}},"2":{"start":{"line":5,"column":4},"end":{"line":11,"column":5}},"3":{"start":{"line":7,"column":22},"end":{"line":7,"column":69}},"4":{"start":{"line":8,"column":8},"end":{"line":8,"column":44}},"5":{"start":{"line":10,"column":8},"end":{"line":10,"column":63}},"6":{"start":{"line":15,"column":0},"end":{"line":27,"column":2}},"7":{"start":{"line":16,"column":4},"end":{"line":26,"column":5}},"8":{"start":{"line":17,"column":21},"end":{"line":17,"column":73}},"9":{"start":{"line":18,"column":8},"end":{"line":20,"column":9}},"10":{"start":{"line":19,"column":12},"end":{"line":19,"column":102}},"11":{"start":{"line":22,"column":26},"end":{"line":22,"column":66}},"12":{"start":{"line":23,"column":8},"end":{"line":23,"column":80}},"13":{"start":{"line":25,"column":8},"end":{"line":25,"column":63}},"14":{"start":{"line":30,"column":0},"end":{"line":59,"column":2}},"15":{"start":{"line":31,"column":4},"end":{"line":58,"column":5}},"16":{"start":{"line":33,"column":8},"end":{"line":39,"column":9}},"17":{"start":{"line":35,"column":12},"end":{"line":35,"column":74}},"18":{"start":{"line":38,"column":12},"end":{"line":38,"column":48}},"19":{"start":{"line":41,"column":21},"end":{"line":45,"column":9}},"20":{"start":{"line":47,"column":8},"end":{"line":49,"column":9}},"21":{"start":{"line":48,"column":12},"end":{"line":48,"column":90}},"22":{"start":{"line":52,"column":29},"end":{"line":52,"column":44}},"23":{"start":{"line":53,"column":8},"end":{"line":53,"column":41}},"24":{"start":{"line":55,"column":8},"end":{"line":55,"column":51}},"25":{"start":{"line":57,"column":8},"end":{"line":57,"column":63}}},"fnMap":{"0":{"name":"(anonymous_0)","decl":{"start":{"line":4,"column":22},"end":{"line":4,"column":23}},"loc":{"start":{"line":4,"column":34},"end":{"line":12,"column":1}},"line":4},"1":{"name":"(anonymous_1)","decl":{"start":{"line":15,"column":21},"end":{"line":15,"column":22}},"loc":{"start":{"line":15,"column":35},"end":{"line":27,"column":1}},"line":15},"2":{"name":"(anonymous_2)","decl":{"start":{"line":30,"column":24},"end":{"line":30,"column":25}},"loc":{"start":{"line":30,"column":44},"end":{"line":59,"column":1}},"line":30}},"branchMap":{"0":{"loc":{"start":{"line":18,"column":8},"end":{"line":20,"column":9}},"type":"if","locations":[{"start":{"line":18,"column":8},"end":{"line":20,"column":9}},{"start":{},"end":{}}],"line":18},"1":{"loc":{"start":{"line":18,"column":12},"end":{"line":18,"column":39}},"type":"binary-expr","locations":[{"start":{"line":18,"column":12},"end":{"line":18,"column":17}},{"start":{"line":18,"column":21},"end":{"line":18,"column":39}}],"line":18},"2":{"loc":{"start":{"line":33,"column":8},"end":{"line":39,"column":9}},"type":"if","locations":[{"start":{"line":33,"column":8},"end":{"line":39,"column":9}},{"start":{"line":36,"column":15},"end":{"line":39,"column":9}}],"line":33},"3":{"loc":{"start":{"line":47,"column":8},"end":{"line":49,"column":9}},"type":"if","locations":[{"start":{"line":47,"column":8},"end":{"line":49,"column":9}},{"start":{},"end":{}}],"line":47}},"s":{"0":1,"1":1,"2":1,"3":1,"4":1,"5":0,"6":1,"7":2,"8":2,"9":2,"10":1,"11":1,"12":1,"13":0,"14":1,"15":1,"16":1,"17":1,"18":0,"19":1,"20":1,"21":0,"22":1,"23":1,"24":1,"25":0},"f":{"0":1,"1":2,"2":1},"b":{"0":[1,1],"1":[2,1],"2":[1,0],"3":[0,1]},"_coverageSchema":"1a1c01bbd47fc00a2c39e90264f33305004495a9","hash":"3790f69fd45318f776da2b0f4944c0b9640dff39"}
,"C:\\Users\\jl444\\OneDrive\\Escritorio\\TFG\\Codigo\\Backend\\controllers\\tarea.controller.js": {"path":"C:\\Users\\jl444\\OneDrive\\Escritorio\\TFG\\Codigo\\Backend\\controllers\\tarea.controller.js","statementMap":{"0":{"start":{"line":1,"column":14},"end":{"line":1,"column":46}},"1":{"start":{"line":2,"column":16},"end":{"line":2,"column":50}},"2":{"start":{"line":3,"column":21},"end":{"line":3,"column":60}},"3":{"start":{"line":4,"column":26},"end":{"line":4,"column":57}},"4":{"start":{"line":5,"column":0},"end":{"line":68,"column":2}},"5":{"start":{"line":6,"column":2},"end":{"line":67,"column":3}},"6":{"start":{"line":8,"column":4},"end":{"line":12,"column":5}},"7":{"start":{"line":9,"column":6},"end":{"line":9,"column":49}},"8":{"start":{"line":11,"column":6},"end":{"line":11,"column":71}},"9":{"start":{"line":14,"column":4},"end":{"line":16,"column":5}},"10":{"start":{"line":15,"column":6},"end":{"line":15,"column":89}},"11":{"start":{"line":18,"column":4},"end":{"line":20,"column":5}},"12":{"start":{"line":19,"column":6},"end":{"line":19,"column":88}},"13":{"start":{"line":22,"column":4},"end":{"line":24,"column":5}},"14":{"start":{"line":23,"column":6},"end":{"line":23,"column":80}},"15":{"start":{"line":26,"column":21},"end":{"line":26,"column":55}},"16":{"start":{"line":27,"column":4},"end":{"line":29,"column":5}},"17":{"start":{"line":28,"column":6},"end":{"line":28,"column":83}},"18":{"start":{"line":31,"column":4},"end":{"line":38,"column":5}},"19":{"start":{"line":32,"column":6},"end":{"line":34,"column":7}},"20":{"start":{"line":33,"column":8},"end":{"line":33,"column":75}},"21":{"start":{"line":35,"column":6},"end":{"line":35,"column":65}},"22":{"start":{"line":36,"column":11},"end":{"line":38,"column":5}},"23":{"start":{"line":37,"column":6},"end":{"line":37,"column":39}},"24":{"start":{"line":40,"column":18},"end":{"line":40,"column":67}},"25":{"start":{"line":41,"column":4},"end":{"line":41,"column":23}},"26":{"start":{"line":43,"column":4},"end":{"line":47,"column":7}},"27":{"start":{"line":48,"column":4},"end":{"line":50,"column":5}},"28":{"start":{"line":49,"column":6},"end":{"line":49,"column":96}},"29":{"start":{"line":52,"column":4},"end":{"line":54,"column":5}},"30":{"start":{"line":53,"column":6},"end":{"line":53,"column":96}},"31":{"start":{"line":55,"column":24},"end":{"line":55,"column":70}},"32":{"start":{"line":56,"column":23},"end":{"line":56,"column":40}},"33":{"start":{"line":57,"column":24},"end":{"line":57,"column":47}},"34":{"start":{"line":58,"column":19},"end":{"line":58,"column":43}},"35":{"start":{"line":59,"column":18},"end":{"line":59,"column":132}},"36":{"start":{"line":61,"column":4},"end":{"line":61,"column":88}},"37":{"start":{"line":63,"column":4},"end":{"line":63,"column":40}},"38":{"start":{"line":65,"column":4},"end":{"line":65,"column":61}},"39":{"start":{"line":66,"column":4},"end":{"line":66,"column":59}},"40":{"start":{"line":70,"column":0},"end":{"line":133,"column":2}},"41":{"start":{"line":71,"column":4},"end":{"line":132,"column":5}},"42":{"start":{"line":73,"column":8},"end":{"line":77,"column":9}},"43":{"start":{"line":74,"column":12},"end":{"line":74,"column":55}},"44":{"start":{"line":76,"column":12},"end":{"line":76,"column":77}},"45":{"start":{"line":79,"column":22},"end":{"line":79,"column":51}},"46":{"start":{"line":80,"column":8},"end":{"line":82,"column":9}},"47":{"start":{"line":81,"column":12},"end":{"line":81,"column":76}},"48":{"start":{"line":85,"column":8},"end":{"line":87,"column":9}},"49":{"start":{"line":86,"column":12},"end":{"line":86,"column":100}},"50":{"start":{"line":89,"column":8},"end":{"line":91,"column":9}},"51":{"start":{"line":90,"column":12},"end":{"line":90,"column":95}},"52":{"start":{"line":94,"column":8},"end":{"line":102,"column":9}},"53":{"start":{"line":95,"column":12},"end":{"line":97,"column":13}},"54":{"start":{"line":96,"column":16},"end":{"line":96,"column":83}},"55":{"start":{"line":98,"column":12},"end":{"line":98,"column":71}},"56":{"start":{"line":99,"column":15},"end":{"line":102,"column":9}},"57":{"start":{"line":101,"column":12},"end":{"line":101,"column":62}},"58":{"start":{"line":105,"column":8},"end":{"line":111,"column":9}},"59":{"start":{"line":106,"column":26},"end":{"line":106,"column":57}},"60":{"start":{"line":107,"column":12},"end":{"line":109,"column":13}},"61":{"start":{"line":108,"column":16},"end":{"line":108,"column":95}},"62":{"start":{"line":110,"column":12},"end":{"line":110,"column":42}},"63":{"start":{"line":113,"column":29},"end":{"line":113,"column":93}},"64":{"start":{"line":114,"column":8},"end":{"line":121,"column":11}},"65":{"start":{"line":122,"column":28},"end":{"line":122,"column":74}},"66":{"start":{"line":123,"column":27},"end":{"line":123,"column":74}},"67":{"start":{"line":124,"column":28},"end":{"line":124,"column":83}},"68":{"start":{"line":125,"column":23},"end":{"line":125,"column":67}},"69":{"start":{"line":126,"column":22},"end":{"line":126,"column":131}},"70":{"start":{"line":127,"column":8},"end":{"line":127,"column":99}},"71":{"start":{"line":128,"column":8},"end":{"line":128,"column":51}},"72":{"start":{"line":130,"column":8},"end":{"line":130,"column":66}},"73":{"start":{"line":131,"column":8},"end":{"line":131,"column":63}},"74":{"start":{"line":135,"column":0},"end":{"line":152,"column":2}},"75":{"start":{"line":136,"column":4},"end":{"line":151,"column":5}},"76":{"start":{"line":137,"column":24},"end":{"line":137,"column":57}},"77":{"start":{"line":138,"column":8},"end":{"line":138,"column":88}},"78":{"start":{"line":138,"column":22},"end":{"line":138,"column":88}},"79":{"start":{"line":140,"column":22},"end":{"line":140,"column":38}},"80":{"start":{"line":141,"column":8},"end":{"line":146,"column":9}},"81":{"start":{"line":142,"column":12},"end":{"line":142,"column":39}},"82":{"start":{"line":145,"column":12},"end":{"line":145,"column":38}},"83":{"start":{"line":147,"column":23},"end":{"line":147,"column":46}},"84":{"start":{"line":148,"column":8},"end":{"line":148,"column":45}},"85":{"start":{"line":150,"column":8},"end":{"line":150,"column":63}},"86":{"start":{"line":154,"column":0},"end":{"line":162,"column":2}},"87":{"start":{"line":155,"column":4},"end":{"line":161,"column":5}},"88":{"start":{"line":156,"column":22},"end":{"line":156,"column":94}},"89":{"start":{"line":157,"column":8},"end":{"line":157,"column":84}},"90":{"start":{"line":157,"column":20},"end":{"line":157,"column":84}},"91":{"start":{"line":158,"column":8},"end":{"line":158,"column":44}},"92":{"start":{"line":160,"column":8},"end":{"line":160,"column":63}},"93":{"start":{"line":165,"column":0},"end":{"line":173,"column":2}},"94":{"start":{"line":166,"column":4},"end":{"line":172,"column":5}},"95":{"start":{"line":167,"column":22},"end":{"line":167,"column":60}},"96":{"start":{"line":168,"column":8},"end":{"line":168,"column":84}},"97":{"start":{"line":168,"column":20},"end":{"line":168,"column":84}},"98":{"start":{"line":169,"column":8},"end":{"line":169,"column":44}},"99":{"start":{"line":171,"column":8},"end":{"line":171,"column":63}},"100":{"start":{"line":175,"column":0},"end":{"line":185,"column":2}},"101":{"start":{"line":176,"column":4},"end":{"line":184,"column":5}},"102":{"start":{"line":177,"column":22},"end":{"line":177,"column":51}},"103":{"start":{"line":178,"column":8},"end":{"line":180,"column":9}},"104":{"start":{"line":179,"column":12},"end":{"line":179,"column":76}},"105":{"start":{"line":181,"column":8},"end":{"line":181,"column":44}},"106":{"start":{"line":183,"column":8},"end":{"line":183,"column":63}},"107":{"start":{"line":187,"column":0},"end":{"line":252,"column":2}},"108":{"start":{"line":188,"column":4},"end":{"line":251,"column":5}},"109":{"start":{"line":189,"column":22},"end":{"line":189,"column":51}},"110":{"start":{"line":190,"column":8},"end":{"line":192,"column":9}},"111":{"start":{"line":191,"column":12},"end":{"line":191,"column":76}},"112":{"start":{"line":194,"column":8},"end":{"line":196,"column":9}},"113":{"start":{"line":195,"column":12},"end":{"line":195,"column":105}},"114":{"start":{"line":198,"column":38},"end":{"line":198,"column":102}},"115":{"start":{"line":199,"column":8},"end":{"line":209,"column":9}},"116":{"start":{"line":200,"column":12},"end":{"line":200,"column":87}},"117":{"start":{"line":201,"column":12},"end":{"line":201,"column":60}},"118":{"start":{"line":202,"column":12},"end":{"line":206,"column":13}},"119":{"start":{"line":203,"column":16},"end":{"line":203,"column":88}},"120":{"start":{"line":204,"column":16},"end":{"line":204,"column":72}},"121":{"start":{"line":205,"column":16},"end":{"line":205,"column":66}},"122":{"start":{"line":207,"column":12},"end":{"line":207,"column":47}},"123":{"start":{"line":208,"column":12},"end":{"line":208,"column":64}},"124":{"start":{"line":212,"column":29},"end":{"line":217,"column":10}},"125":{"start":{"line":219,"column":8},"end":{"line":223,"column":9}},"126":{"start":{"line":220,"column":12},"end":{"line":220,"column":75}},"127":{"start":{"line":221,"column":12},"end":{"line":221,"column":59}},"128":{"start":{"line":222,"column":12},"end":{"line":222,"column":53}},"129":{"start":{"line":225,"column":8},"end":{"line":225,"column":34}},"130":{"start":{"line":226,"column":8},"end":{"line":233,"column":11}},"131":{"start":{"line":234,"column":8},"end":{"line":237,"column":11}},"132":{"start":{"line":238,"column":28},"end":{"line":238,"column":74}},"133":{"start":{"line":239,"column":27},"end":{"line":239,"column":67}},"134":{"start":{"line":240,"column":28},"end":{"line":240,"column":76}},"135":{"start":{"line":241,"column":23},"end":{"line":241,"column":49}},"136":{"start":{"line":242,"column":22},"end":{"line":242,"column":203}},"137":{"start":{"line":243,"column":8},"end":{"line":243,"column":95}},"138":{"start":{"line":244,"column":8},"end":{"line":244,"column":51}},"139":{"start":{"line":247,"column":8},"end":{"line":249,"column":9}},"140":{"start":{"line":248,"column":12},"end":{"line":248,"column":67}},"141":{"start":{"line":250,"column":8},"end":{"line":250,"column":96}},"142":{"start":{"line":254,"column":0},"end":{"line":261,"column":2}},"143":{"start":{"line":255,"column":4},"end":{"line":260,"column":5}},"144":{"start":{"line":256,"column":25},"end":{"line":256,"column":105}},"145":{"start":{"line":257,"column":8},"end":{"line":257,"column":47}},"146":{"start":{"line":259,"column":8},"end":{"line":259,"column":96}},"147":{"start":{"line":263,"column":0},"end":{"line":294,"column":2}},"148":{"start":{"line":264,"column":4},"end":{"line":293,"column":5}},"149":{"start":{"line":265,"column":8},"end":{"line":267,"column":9}},"150":{"start":{"line":266,"column":12},"end":{"line":266,"column":88}},"151":{"start":{"line":269,"column":29},"end":{"line":269,"column":90}},"152":{"start":{"line":270,"column":8},"end":{"line":272,"column":9}},"153":{"start":{"line":271,"column":12},"end":{"line":271,"column":78}},"154":{"start":{"line":275,"column":8},"end":{"line":277,"column":9}},"155":{"start":{"line":276,"column":12},"end":{"line":276,"column":102}},"156":{"start":{"line":279,"column":8},"end":{"line":279,"column":33}},"157":{"start":{"line":280,"column":8},"end":{"line":280,"column":34}},"158":{"start":{"line":282,"column":28},"end":{"line":282,"column":74}},"159":{"start":{"line":283,"column":8},"end":{"line":287,"column":9}},"160":{"start":{"line":284,"column":27},"end":{"line":284,"column":81}},"161":{"start":{"line":285,"column":26},"end":{"line":285,"column":95}},"162":{"start":{"line":286,"column":12},"end":{"line":286,"column":104}},"163":{"start":{"line":289,"column":8},"end":{"line":289,"column":51}},"164":{"start":{"line":292,"column":8},"end":{"line":292,"column":96}}},"fnMap":{"0":{"name":"(anonymous_0)","decl":{"start":{"line":5,"column":21},"end":{"line":5,"column":22}},"loc":{"start":{"line":5,"column":69},"end":{"line":68,"column":1}},"line":5},"1":{"name":"(anonymous_1)","decl":{"start":{"line":70,"column":22},"end":{"line":70,"column":23}},"loc":{"start":{"line":70,"column":79},"end":{"line":133,"column":1}},"line":70},"2":{"name":"(anonymous_2)","decl":{"start":{"line":135,"column":36},"end":{"line":135,"column":37}},"loc":{"start":{"line":135,"column":65},"end":{"line":152,"column":1}},"line":135},"3":{"name":"(anonymous_3)","decl":{"start":{"line":154,"column":21},"end":{"line":154,"column":22}},"loc":{"start":{"line":154,"column":40},"end":{"line":162,"column":1}},"line":154},"4":{"name":"(anonymous_4)","decl":{"start":{"line":165,"column":22},"end":{"line":165,"column":23}},"loc":{"start":{"line":165,"column":41},"end":{"line":173,"column":1}},"line":165},"5":{"name":"(anonymous_5)","decl":{"start":{"line":175,"column":23},"end":{"line":175,"column":24}},"loc":{"start":{"line":175,"column":42},"end":{"line":185,"column":1}},"line":175},"6":{"name":"(anonymous_6)","decl":{"start":{"line":187,"column":24},"end":{"line":187,"column":25}},"loc":{"start":{"line":187,"column":75},"end":{"line":252,"column":1}},"line":187},"7":{"name":"(anonymous_7)","decl":{"start":{"line":254,"column":30},"end":{"line":254,"column":31}},"loc":{"start":{"line":254,"column":49},"end":{"line":261,"column":1}},"line":254},"8":{"name":"(anonymous_8)","decl":{"start":{"line":263,"column":27},"end":{"line":263,"column":28}},"loc":{"start":{"line":263,"column":71},"end":{"line":294,"column":1}},"line":263}},"branchMap":{"0":{"loc":{"start":{"line":14,"column":4},"end":{"line":16,"column":5}},"type":"if","locations":[{"start":{"line":14,"column":4},"end":{"line":16,"column":5}},{"start":{},"end":{}}],"line":14},"1":{"loc":{"start":{"line":14,"column":8},"end":{"line":14,"column":60}},"type":"binary-expr","locations":[{"start":{"line":14,"column":8},"end":{"line":14,"column":26}},{"start":{"line":14,"column":30},"end":{"line":14,"column":60}}],"line":14},"2":{"loc":{"start":{"line":18,"column":4},"end":{"line":20,"column":5}},"type":"if","locations":[{"start":{"line":18,"column":4},"end":{"line":20,"column":5}},{"start":{},"end":{}}],"line":18},"3":{"loc":{"start":{"line":22,"column":4},"end":{"line":24,"column":5}},"type":"if","locations":[{"start":{"line":22,"column":4},"end":{"line":24,"column":5}},{"start":{},"end":{}}],"line":22},"4":{"loc":{"start":{"line":22,"column":8},"end":{"line":22,"column":59}},"type":"binary-expr","locations":[{"start":{"line":22,"column":8},"end":{"line":22,"column":25}},{"start":{"line":22,"column":29},"end":{"line":22,"column":59}}],"line":22},"5":{"loc":{"start":{"line":27,"column":4},"end":{"line":29,"column":5}},"type":"if","locations":[{"start":{"line":27,"column":4},"end":{"line":29,"column":5}},{"start":{},"end":{}}],"line":27},"6":{"loc":{"start":{"line":27,"column":8},"end":{"line":27,"column":49}},"type":"binary-expr","locations":[{"start":{"line":27,"column":8},"end":{"line":27,"column":17}},{"start":{"line":27,"column":21},"end":{"line":27,"column":49}}],"line":27},"7":{"loc":{"start":{"line":31,"column":4},"end":{"line":38,"column":5}},"type":"if","locations":[{"start":{"line":31,"column":4},"end":{"line":38,"column":5}},{"start":{"line":36,"column":11},"end":{"line":38,"column":5}}],"line":31},"8":{"loc":{"start":{"line":32,"column":6},"end":{"line":34,"column":7}},"type":"if","locations":[{"start":{"line":32,"column":6},"end":{"line":34,"column":7}},{"start":{},"end":{}}],"line":32},"9":{"loc":{"start":{"line":36,"column":11},"end":{"line":38,"column":5}},"type":"if","locations":[{"start":{"line":36,"column":11},"end":{"line":38,"column":5}},{"start":{},"end":{}}],"line":36},"10":{"loc":{"start":{"line":48,"column":4},"end":{"line":50,"column":5}},"type":"if","locations":[{"start":{"line":48,"column":4},"end":{"line":50,"column":5}},{"start":{},"end":{}}],"line":48},"11":{"loc":{"start":{"line":52,"column":4},"end":{"line":54,"column":5}},"type":"if","locations":[{"start":{"line":52,"column":4},"end":{"line":54,"column":5}},{"start":{},"end":{}}],"line":52},"12":{"loc":{"start":{"line":80,"column":8},"end":{"line":82,"column":9}},"type":"if","locations":[{"start":{"line":80,"column":8},"end":{"line":82,"column":9}},{"start":{},"end":{}}],"line":80},"13":{"loc":{"start":{"line":85,"column":8},"end":{"line":87,"column":9}},"type":"if","locations":[{"start":{"line":85,"column":8},"end":{"line":87,"column":9}},{"start":{},"end":{}}],"line":85},"14":{"loc":{"start":{"line":89,"column":8},"end":{"line":91,"column":9}},"type":"if","locations":[{"start":{"line":89,"column":8},"end":{"line":91,"column":9}},{"start":{},"end":{}}],"line":89},"15":{"loc":{"start":{"line":89,"column":12},"end":{"line":89,"column":64}},"type":"binary-expr","locations":[{"start":{"line":89,"column":12},"end":{"line":89,"column":30}},{"start":{"line":89,"column":34},"end":{"line":89,"column":64}}],"line":89},"16":{"loc":{"start":{"line":94,"column":8},"end":{"line":102,"column":9}},"type":"if","locations":[{"start":{"line":94,"column":8},"end":{"line":102,"column":9}},{"start":{"line":99,"column":15},"end":{"line":102,"column":9}}],"line":94},"17":{"loc":{"start":{"line":95,"column":12},"end":{"line":97,"column":13}},"type":"if","locations":[{"start":{"line":95,"column":12},"end":{"line":97,"column":13}},{"start":{},"end":{}}],"line":95},"18":{"loc":{"start":{"line":99,"column":15},"end":{"line":102,"column":9}},"type":"if","locations":[{"start":{"line":99,"column":15},"end":{"line":102,"column":9}},{"start":{},"end":{}}],"line":99},"19":{"loc":{"start":{"line":105,"column":8},"end":{"line":111,"column":9}},"type":"if","locations":[{"start":{"line":105,"column":8},"end":{"line":111,"column":9}},{"start":{},"end":{}}],"line":105},"20":{"loc":{"start":{"line":107,"column":12},"end":{"line":109,"column":13}},"type":"if","l
[...]
,"C:\\Users\\jl444\\OneDrive\\Escritorio\\TFG\\Codigo\\Backend\\routes\\grupo.routes.js": {"path":"C:\\Users\\jl444\\OneDrive\\Escritorio\\TFG\\Codigo\\Backend\\routes\\grupo.routes.js","statementMap":{"0":{"start":{"line":1,"column":16},"end":{"line":1,"column":34}},"1":{"start":{"line":2,"column":15},"end":{"line":2,"column":31}},"2":{"start":{"line":3,"column":24},"end":{"line":3,"column":66}},"3":{"start":{"line":57,"column":0},"end":{"line":61,"column":3}},"4":{"start":{"line":58,"column":46},"end":{"line":58,"column":54}},"5":{"start":{"line":59,"column":19},"end":{"line":59,"column":82}},"6":{"start":{"line":60,"column":4},"end":{"line":60,"column":48}},"7":{"start":{"line":63,"column":0},"end":{"line":66,"column":3}},"8":{"start":{"line":64,"column":19},"end":{"line":64,"column":68}},"9":{"start":{"line":65,"column":4},"end":{"line":65,"column":48}},"10":{"start":{"line":113,"column":0},"end":{"line":116,"column":3}},"11":{"start":{"line":114,"column":19},"end":{"line":114,"column":77}},"12":{"start":{"line":115,"column":4},"end":{"line":115,"column":48}},"13":{"start":{"line":141,"column":0},"end":{"line":144,"column":3}},"14":{"start":{"line":142,"column":19},"end":{"line":142,"column":71}},"15":{"start":{"line":143,"column":4},"end":{"line":143,"column":48}},"16":{"start":{"line":188,"column":0},"end":{"line":192,"column":3}},"17":{"start":{"line":189,"column":26},"end":{"line":189,"column":34}},"18":{"start":{"line":190,"column":19},"end":{"line":190,"column":84}},"19":{"start":{"line":191,"column":4},"end":{"line":191,"column":48}},"20":{"start":{"line":238,"column":0},"end":{"line":242,"column":3}},"21":{"start":{"line":239,"column":26},"end":{"line":239,"column":34}},"22":{"start":{"line":240,"column":19},"end":{"line":240,"column":89}},"23":{"start":{"line":241,"column":4},"end":{"line":241,"column":48}},"24":{"start":{"line":271,"column":0},"end":{"line":274,"column":3}},"25":{"start":{"line":272,"column":19},"end":{"line":272,"column":80}},"26":{"start":{"line":273,"column":4},"end":{"line":273,"column":48}},"27":{"start":{"line":324,"column":0},"end":{"line":324,"column":24}}},"fnMap":{"0":{"name":"(anonymous_0)","decl":{"start":{"line":57,"column":17},"end":{"line":57,"column":18}},"loc":{"start":{"line":57,"column":37},"end":{"line":61,"column":1}},"line":57},"1":{"name":"(anonymous_1)","decl":{"start":{"line":63,"column":19},"end":{"line":63,"column":20}},"loc":{"start":{"line":63,"column":39},"end":{"line":66,"column":1}},"line":63},"2":{"name":"(anonymous_2)","decl":{"start":{"line":113,"column":19},"end":{"line":113,"column":20}},"loc":{"start":{"line":113,"column":39},"end":{"line":116,"column":1}},"line":113},"3":{"name":"(anonymous_3)","decl":{"start":{"line":141,"column":22},"end":{"line":141,"column":23}},"loc":{"start":{"line":141,"column":42},"end":{"line":144,"column":1}},"line":141},"4":{"name":"(anonymous_4)","decl":{"start":{"line":188,"column":28},"end":{"line":188,"column":29}},"loc":{"start":{"line":188,"column":48},"end":{"line":192,"column":1}},"line":188},"5":{"name":"(anonymous_5)","decl":{"start":{"line":238,"column":30},"end":{"line":238,"column":31}},"loc":{"start":{"line":238,"column":50},"end":{"line":242,"column":1}},"line":238},"6":{"name":"(anonymous_6)","decl":{"start":{"line":271,"column":34},"end":{"line":271,"column":35}},"loc":{"start":{"line":271,"column":54},"end":{"line":274,"column":1}},"line":271}},"branchMap":{},"s":{"0":1,"1":1,"2":1,"3":1,"4":2,"5":2,"6":2,"7":1,"8":0,"9":0,"10":1,"11":0,"12":0,"13":1,"14":1,"15":1,"16":1,"17":1,"18":1,"19":1,"20":1,"21":2,"22":2,"23":2,"24":1,"25":0,"26":0,"27":1},"f":{"0":2,"1":0,"2":0,"3":1,"4":1,"5":2,"6":0},"b":{},"_coverageSchema":"1a1c01bbd47fc00a2c39e90264f33305004495a9","hash":"6bfd009631d497674482f7678449a88df1e1688c"}
,"C:\\Users\\jl444\\OneDrive\\Escritorio\\TFG\\Codigo\\Backend\\routes\\mensaje.routes.js": {"path":"C:\\Users\\jl444\\OneDrive\\Escritorio\\TFG\\Codigo\\Backend\\routes\\mensaje.routes.js","statementMap":{"0":{"start":{"line":1,"column":16},"end":{"line":1,"column":34}},"1":{"start":{"line":2,"column":15},"end":{"line":2,"column":31}},"2":{"start":{"line":3,"column":26},"end":{"line":3,"column":70}},"3":{"start":{"line":57,"column":0},"end":{"line":61,"column":3}},"4":{"start":{"line":58,"column":60},"end":{"line":58,"column":68}},"5":{"start":{"line":59,"column":19},"end":{"line":59,"column":100}},"6":{"start":{"line":60,"column":4},"end":{"line":60,"column":48}},"7":{"start":{"line":98,"column":0},"end":{"line":102,"column":3}},"8":{"start":{"line":99,"column":28},"end":{"line":99,"column":37}},"9":{"start":{"line":100,"column":19},"end":{"line":100,"column":98}},"10":{"start":{"line":101,"column":4},"end":{"line":101,"column":48}},"11":{"start":{"line":127,"column":0},"end":{"line":130,"column":3}},"12":{"start":{"line":128,"column":19},"end":{"line":128,"column":72}},"13":{"start":{"line":129,"column":4},"end":{"line":129,"column":48}},"14":{"start":{"line":168,"column":0},"end":{"line":172,"column":3}},"15":{"start":{"line":169,"column":26},"end":{"line":169,"column":34}},"16":{"start":{"line":170,"column":19},"end":{"line":170,"column":84}},"17":{"start":{"line":171,"column":4},"end":{"line":171,"column":48}},"18":{"start":{"line":224,"column":0},"end":{"line":224,"column":24}}},"fnMap":{"0":{"name":"(anonymous_0)","decl":{"start":{"line":57,"column":17},"end":{"line":57,"column":18}},"loc":{"start":{"line":57,"column":37},"end":{"line":61,"column":1}},"line":57},"1":{"name":"(anonymous_1)","decl":{"start":{"line":98,"column":34},"end":{"line":98,"column":35}},"loc":{"start":{"line":98,"column":54},"end":{"line":102,"column":1}},"line":98},"2":{"name":"(anonymous_2)","decl":{"start":{"line":127,"column":19},"end":{"line":127,"column":20}},"loc":{"start":{"line":127,"column":39},"end":{"line":130,"column":1}},"line":127},"3":{"name":"(anonymous_3)","decl":{"start":{"line":168,"column":27},"end":{"line":168,"column":28}},"loc":{"start":{"line":168,"column":47},"end":{"line":172,"column":1}},"line":168}},"branchMap":{},"s":{"0":1,"1":1,"2":1,"3":1,"4":2,"5":2,"6":2,"7":1,"8":1,"9":1,"10":1,"11":1,"12":0,"13":0,"14":1,"15":1,"16":1,"17":1,"18":1},"f":{"0":2,"1":1,"2":0,"3":1},"b":{},"_coverageSchema":"1a1c01bbd47fc00a2c39e90264f33305004495a9","hash":"3a853e5973657bec015c500db899d5bf92c0c0d1"}
,"C:\\Users\\jl444\\OneDrive\\Escritorio\\TFG\\Codigo\\Backend\\routes\\rama.routes.js": {"path":"C:\\Users\\jl444\\OneDrive\\Escritorio\\TFG\\Codigo\\Backend\\routes\\rama.routes.js","statementMap":{"0":{"start":{"line":1,"column":16},"end":{"line":1,"column":34}},"1":{"start":{"line":2,"column":15},"end":{"line":2,"column":31}},"2":{"start":{"line":3,"column":29},"end":{"line":3,"column":76}},"3":{"start":{"line":4,"column":15},"end":{"line":4,"column":32}},"4":{"start":{"line":5,"column":15},"end":{"line":5,"column":58}},"5":{"start":{"line":33,"column":0},"end":{"line":36,"column":3}},"6":{"start":{"line":34,"column":19},"end":{"line":34,"column":59}},"7":{"start":{"line":35,"column":4},"end":{"line":35,"column":48}},"8":{"start":{"line":66,"column":0},"end":{"line":74,"column":3}},"9":{"start":{"line":67,"column":19},"end":{"line":67,"column":71}},"10":{"start":{"line":68,"column":4},"end":{"line":73,"column":5}},"11":{"start":{"line":69,"column":8},"end":{"line":69,"column":58}},"12":{"start":{"line":70,"column":8},"end":{"line":70,"column":30}},"13":{"start":{"line":72,"column":8},"end":{"line":72,"column":52}},"14":{"start":{"line":114,"column":0},"end":{"line":122,"column":3}},"15":{"start":{"line":115,"column":4},"end":{"line":121,"column":5}},"16":{"start":{"line":116,"column":23},"end":{"line":116,"column":88}},"17":{"start":{"line":117,"column":8},"end":{"line":117,"column":52}},"18":{"start":{"line":119,"column":8},"end":{"line":119,"column":29}},"19":{"start":{"line":120,"column":8},"end":{"line":120,"column":55}},"20":{"start":{"line":144,"column":0},"end":{"line":144,"column":24}}},"fnMap":{"0":{"name":"(anonymous_0)","decl":{"start":{"line":33,"column":16},"end":{"line":33,"column":17}},"loc":{"start":{"line":33,"column":36},"end":{"line":36,"column":1}},"line":33},"1":{"name":"(anonymous_1)","decl":{"start":{"line":66,"column":23},"end":{"line":66,"column":24}},"loc":{"start":{"line":66,"column":43},"end":{"line":74,"column":1}},"line":66},"2":{"name":"(anonymous_2)","decl":{"start":{"line":114,"column":44},"end":{"line":114,"column":45}},"loc":{"start":{"line":114,"column":64},"end":{"line":122,"column":1}},"line":114}},"branchMap":{"0":{"loc":{"start":{"line":68,"column":4},"end":{"line":73,"column":5}},"type":"if","locations":[{"start":{"line":68,"column":4},"end":{"line":73,"column":5}},{"start":{"line":71,"column":11},"end":{"line":73,"column":5}}],"line":68}},"s":{"0":1,"1":1,"2":1,"3":1,"4":1,"5":1,"6":1,"7":1,"8":1,"9":2,"10":2,"11":1,"12":1,"13":1,"14":1,"15":1,"16":1,"17":1,"18":0,"19":0,"20":1},"f":{"0":1,"1":2,"2":1},"b":{"0":[1,1]},"_coverageSchema":"1a1c01bbd47fc00a2c39e90264f33305004495a9","hash":"4d3aa4c482fc62ed23ba53a3b7fc40f44e3a65c1"}
,"C:\\Users\\jl444\\OneDrive\\Escritorio\\TFG\\Codigo\\Backend\\routes\\tarea.routes.js": {"path":"C:\\Users\\jl444\\OneDrive\\Escritorio\\TFG\\Codigo\\Backend\\routes\\tarea.routes.js","statementMap":{"0":{"start":{"line":1,"column":16},"end":{"line":1,"column":34}},"1":{"start":{"line":2,"column":15},"end":{"line":2,"column":31}},"2":{"start":{"line":3,"column":24},"end":{"line":3,"column":66}},"3":{"start":{"line":4,"column":15},"end":{"line":4,"column":32}},"4":{"start":{"line":6,"column":16},"end":{"line":6,"column":38}},"5":{"start":{"line":7,"column":15},"end":{"line":7,"column":43}},"6":{"start":{"line":47,"column":0},"end":{"line":52,"column":3}},"7":{"start":{"line":50,"column":23},"end":{"line":50,"column":97}},"8":{"start":{"line":51,"column":8},"end":{"line":51,"column":52}},"9":{"start":{"line":89,"column":0},"end":{"line":93,"column":3}},"10":{"start":{"line":90,"column":38},"end":{"line":90,"column":48}},"11":{"start":{"line":91,"column":19},"end":{"line":91,"column":89}},"12":{"start":{"line":92,"column":4},"end":{"line":92,"column":48}},"13":{"start":{"line":122,"column":0},"end":{"line":125,"column":3}},"14":{"start":{"line":123,"column":19},"end":{"line":123,"column":66}},"15":{"start":{"line":124,"column":4},"end":{"line":124,"column":48}},"16":{"start":{"line":154,"column":0},"end":{"line":157,"column":3}},"17":{"start":{"line":155,"column":19},"end":{"line":155,"column":67}},"18":{"start":{"line":156,"column":4},"end":{"line":156,"column":48}},"19":{"start":{"line":205,"column":0},"end":{"line":209,"column":3}},"20":{"start":{"line":206,"column":19},"end":{"line":206,"column":29}},"21":{"start":{"line":207,"column":19},"end":{"line":207,"column":98}},"22":{"start":{"line":208,"column":4},"end":{"line":208,"column":48}},"23":{"start":{"line":239,"column":0},"end":{"line":242,"column":3}},"24":{"start":{"line":240,"column":19},"end":{"line":240,"column":68}},"25":{"start":{"line":241,"column":4},"end":{"line":241,"column":48}},"26":{"start":{"line":290,"column":0},"end":{"line":298,"column":3}},"27":{"start":{"line":291,"column":20},"end":{"line":291,"column":33}},"28":{"start":{"line":292,"column":21},"end":{"line":292,"column":32}},"29":{"start":{"line":293,"column":27},"end":{"line":293,"column":35}},"30":{"start":{"line":294,"column":17},"end":{"line":294,"column":25}},"31":{"start":{"line":296,"column":19},"end":{"line":296,"column":95}},"32":{"start":{"line":297,"column":4},"end":{"line":297,"column":48}},"33":{"start":{"line":329,"column":0},"end":{"line":333,"column":3}},"34":{"start":{"line":330,"column":20},"end":{"line":330,"column":33}},"35":{"start":{"line":331,"column":19},"end":{"line":331,"column":69}},"36":{"start":{"line":332,"column":4},"end":{"line":332,"column":48}},"37":{"start":{"line":376,"column":0},"end":{"line":387,"column":3}},"38":{"start":{"line":377,"column":31},"end":{"line":377,"column":41}},"39":{"start":{"line":378,"column":21},"end":{"line":378,"column":29}},"40":{"start":{"line":379,"column":23},"end":{"line":379,"column":34}},"41":{"start":{"line":381,"column":4},"end":{"line":383,"column":5}},"42":{"start":{"line":382,"column":8},"end":{"line":382,"column":80}},"43":{"start":{"line":385,"column":19},"end":{"line":385,"column":91}},"44":{"start":{"line":386,"column":4},"end":{"line":386,"column":48}},"45":{"start":{"line":464,"column":0},"end":{"line":464,"column":24}}},"fnMap":{"0":{"name":"(anonymous_0)","decl":{"start":{"line":47,"column":51},"end":{"line":47,"column":52}},"loc":{"start":{"line":47,"column":71},"end":{"line":52,"column":1}},"line":47},"1":{"name":"(anonymous_1)","decl":{"start":{"line":89,"column":51},"end":{"line":89,"column":52}},"loc":{"start":{"line":89,"column":71},"end":{"line":93,"column":1}},"line":89},"2":{"name":"(anonymous_2)","decl":{"start":{"line":122,"column":27},"end":{"line":122,"column":28}},"loc":{"start":{"line":122,"column":47},"end":{"line":125,"column":1}},"line":122},"3":{"name":"(anonymous_3)","decl":{"start":{"line":154,"column":22},"end":{"line":154,"column":23}},"loc":{"start":{"line":154,"column":42},"end":{"line":157,"column":1}},"line":154},"4":{"name":"(anonymous_4)","decl":{"start":{"line":205,"column":53},"end":{"line":205,"column":54}},"loc":{"start":{"line":205,"column":73},"end":{"line":209,"column":1}},"line":205},"5":{"name":"(anonymous_5)","decl":{"start":{"line":239,"column":19},"end":{"line":239,"column":20}},"loc":{"start":{"line":239,"column":39},"end":{"line":242,"column":1}},"line":239},"6":{"name":"(anonymous_6)","decl":{"start":{"line":290,"column":64},"end":{"line":290,"column":65}},"loc":{"start":{"line":290,"column":84},"end":{"line":298,"column":1}},"line":290},"7":{"name":"(anonymous_7)","decl":{"start":{"line":329,"column":28},"end":{"line":329,"column":29}},"loc":{"start":{"line":329,"column":48},"end":{"line":333,"column":1}},"line":329},"8":{"name":"(anonymous_8)","decl":{"start":{"line":376,"column":50},"end":{"line":376,"column":51}},"loc":{"start":{"line":376,"column":70},"end":{"line":387,"column":1}},"line":376}},"branchMap":{"0":{"loc":{"start":{"line":381,"column":4},"end":{"line":383,"column":5}},"type":"if","locations":[{"start":{"line":381,"column":4},"end":{"line":383,"column":5}},{"start":{},"end":{}}],"line":381}},"s":{"0":1,"1":1,"2":1,"3":1,"4":1,"5":1,"6":1,"7":3,"8":3,"9":1,"10":0,"11":0,"12":0,"13":1,"14":0,"15":0,"16":1,"17":2,"18":2,"19":1,"20":0,"21":0,"22":0,"23":1,"24":2,"25":2,"26":1,"27":0,"28":0,"29":0,"30":0,"31":0,"32":0,"33":1,"34":1,"35":1,"36":1,"37":1,"38":1,"39":1,"40":1,"41":1,"42":0,"43":1,"44":1,"45":1},"f":{"0":3,"1":0,"2":0,"3":2,"4":0,"5":2,"6":0,"7":1,"8":1},"b":{"0":[0,1]},"_coverageSchema":"1a1c01bbd47fc00a2c39e90264f33305004495a9","hash":"40f59e3e1dca7f39fe9c3f5766ea94882df3a950"}
,"C:\\Users\\jl444\\OneDrive\\Escritorio\\TFG\\Codigo\\Backend\\routes\\usuario.routes.js": {"path":"C:\\Users\\jl444\\OneDrive\\Escritorio\\TFG\\Codigo\\Backend\\routes\\usuario.routes.js","statementMap":{"0":{"start":{"line":1,"column":16},"end":{"line":1,"column":34}},"1":{"start":{"line":2,"column":15},"end":{"line":2,"column":31}},"2":{"start":{"line":3,"column":26},"end":{"line":3,"column":70}},"3":{"start":{"line":4,"column":23},"end":{"line":4,"column":62}},"4":{"start":{"line":58,"column":0},"end":{"line":61,"column":3}},"5":{"start":{"line":59,"column":19},"end":{"line":59,"column":87}},"6":{"start":{"line":60,"column":4},"end":{"line":60,"column":48}},"7":{"start":{"line":108,"column":0},"end":{"line":111,"column":3}},"8":{"start":{"line":109,"column":19},"end":{"line":109,"column":76}},"9":{"start":{"line":110,"column":4},"end":{"line":110,"column":48}},"10":{"start":{"line":211,"column":0},"end":{"line":214,"column":3}},"11":{"start":{"line":212,"column":19},"end":{"line":212,"column":72}},"12":{"start":{"line":213,"column":4},"end":{"line":213,"column":48}},"13":{"start":{"line":216,"column":0},"end":{"line":219,"column":3}},"14":{"start":{"line":217,"column":19},"end":{"line":217,"column":84}},"15":{"start":{"line":218,"column":4},"end":{"line":218,"column":48}},"16":{"start":{"line":221,"column":0},"end":{"line":224,"column":3}},"17":{"start":{"line":222,"column":19},"end":{"line":222,"column":94}},"18":{"start":{"line":223,"column":4},"end":{"line":223,"column":48}},"19":{"start":{"line":246,"column":0},"end":{"line":249,"column":3}},"20":{"start":{"line":247,"column":19},"end":{"line":247,"column":69}},"21":{"start":{"line":248,"column":4},"end":{"line":248,"column":48}},"22":{"start":{"line":280,"column":0},"end":{"line":280,"column":112}},"23":{"start":{"line":318,"column":0},"end":{"line":318,"column":24}}},"fnMap":{"0":{"name":"(anonymous_0)","decl":{"start":{"line":58,"column":52},"end":{"line":58,"column":53}},"loc":{"start":{"line":58,"column":72},"end":{"line":61,"column":1}},"line":58},"1":{"name":"(anonymous_1)","decl":{"start":{"line":108,"column":55},"end":{"line":108,"column":56}},"loc":{"start":{"line":108,"column":75},"end":{"line":111,"column":1}},"line":108},"2":{"name":"(anonymous_2)","decl":{"start":{"line":211,"column":19},"end":{"line":211,"column":20}},"loc":{"start":{"line":211,"column":39},"end":{"line":214,"column":1}},"line":211},"3":{"name":"(anonymous_3)","decl":{"start":{"line":216,"column":50},"end":{"line":216,"column":51}},"loc":{"start":{"line":216,"column":70},"end":{"line":219,"column":1}},"line":216},"4":{"name":"(anonymous_4)","decl":{"start":{"line":221,"column":47},"end":{"line":221,"column":48}},"loc":{"start":{"line":221,"column":67},"end":{"line":224,"column":1}},"line":221},"5":{"name":"(anonymous_5)","decl":{"start":{"line":246,"column":55},"end":{"line":246,"column":56}},"loc":{"start":{"line":246,"column":75},"end":{"line":249,"column":1}},"line":246}},"branchMap":{},"s":{"0":1,"1":1,"2":1,"3":1,"4":1,"5":2,"6":2,"7":1,"8":0,"9":0,"10":1,"11":2,"12":2,"13":1,"14":0,"15":0,"16":1,"17":0,"18":0,"19":1,"20":1,"21":1,"22":1,"23":1},"f":{"0":2,"1":0,"2":2,"3":0,"4":0,"5":1},"b":{},"_coverageSchema":"1a1c01bbd47fc00a2c39e90264f33305004495a9","hash":"c4ab9ddbfbfea1737f6d3ff00e69892b2376e320"}
}
