TN:
SF:controllers\auth.controller.js
FN:8,(anonymous_0)
FN:42,(anonymous_1)
FNF:2
FNH:2
FNDA:6,(anonymous_0)
FNDA:6,(anonymous_1)
DA:1,2
DA:2,2
DA:3,2
DA:4,2
DA:6,2
DA:8,2
DA:9,6
DA:10,6
DA:11,5
DA:12,1
DA:14,4
DA:16,4
DA:17,1
DA:20,3
DA:27,3
DA:28,3
DA:29,3
DA:30,3
DA:34,3
DA:35,3
DA:38,1
DA:42,2
DA:43,6
DA:44,2
DA:47,4
DA:48,4
DA:49,2
DA:51,2
LF:28
LH:28
BRDA:11,0,0,1
BRDA:11,0,1,4
BRDA:16,1,0,1
BRDA:16,1,1,3
BRDA:27,2,0,3
BRDA:27,2,1,0
BRDA:29,3,0,3
BRDA:29,3,1,0
BRDA:43,4,0,2
BRDA:43,4,1,4
BRF:10
BRH:8
end_of_record
TN:
SF:controllers\calificacion.controller.js
FN:6,(anonymous_0)
FNF:1
FNH:1
FNDA:3,(anonymous_0)
DA:1,1
DA:2,1
DA:3,1
DA:4,1
DA:6,1
DA:7,3
DA:10,3
DA:14,2
DA:16,2
DA:17,2
DA:18,2
DA:19,2
DA:22,2
DA:23,2
DA:24,2
DA:25,2
DA:26,2
DA:27,1
DA:33,2
DA:34,0
DA:35,0
DA:36,0
DA:37,0
DA:38,0
DA:44,2
DA:45,1
DA:53,2
DA:56,1
DA:57,1
LF:29
LH:24
BRDA:22,0,0,2
BRDA:22,0,1,0
BRDA:24,1,0,2
BRDA:24,1,1,0
BRDA:26,2,0,1
BRDA:26,2,1,1
BRDA:26,3,0,2
BRDA:26,3,1,2
BRDA:33,4,0,0
BRDA:33,4,1,2
BRDA:35,5,0,0
BRDA:35,5,1,0
BRDA:37,6,0,0
BRDA:37,6,1,0
BRDA:37,7,0,0
BRDA:37,7,1,0
BRDA:44,8,0,1
BRDA:44,8,1,1
BRDA:47,9,0,1
BRDA:47,9,1,0
BRDA:48,10,0,0
BRDA:48,10,1,1
BRF:22
BRH:11
end_of_record
TN:
SF:controllers\calificacionGeneral.controller.js
FN:7,(anonymous_0)
FN:14,(anonymous_1)
FN:80,(anonymous_2)
FN:93,(anonymous_3)
FNF:4
FNH:4
FNDA:4,(anonymous_0)
FNDA:4,(anonymous_1)
FNDA:2,(anonymous_2)
FNDA:1,(anonymous_3)
DA:1,1
DA:2,1
DA:3,1
DA:4,1
DA:7,1
DA:8,4
DA:9,1
DA:11,3
DA:14,1
DA:15,4
DA:17,4
DA:18,4
DA:19,0
DA:22,4
DA:23,1
DA:26,3
DA:27,3
DA:28,0
DA:31,3
DA:32,3
DA:33,0
DA:36,3
DA:37,3
DA:38,3
DA:39,0
DA:44,3
DA:45,2
DA:46,2
DA:47,1
DA:49,1
DA:50,1
DA:54,1
DA:60,1
DA:61,1
DA:62,1
DA:63,1
DA:64,1
DA:67,1
DA:70,0
DA:71,0
DA:73,0
DA:74,0
DA:76,0
DA:80,1
DA:81,2
DA:82,2
DA:87,2
DA:89,0
DA:93,1
DA:94,1
DA:95,1
DA:100,1
DA:102,0
LF:53
LH:42
BRDA:8,0,0,1
BRDA:8,0,1,3
BRDA:8,1,0,4
BRDA:8,1,1,4
BRDA:8,1,2,4
BRDA:18,2,0,0
BRDA:18,2,1,4
BRDA:18,3,0,4
BRDA:18,3,1,4
BRDA:22,4,0,1
BRDA:22,4,1,3
BRDA:27,5,0,0
BRDA:27,5,1,3
BRDA:27,6,0,3
BRDA:27,6,1,3
BRDA:32,7,0,0
BRDA:32,7,1,3
BRDA:36,8,0,3
BRDA:36,8,1,0
BRDA:38,9,0,0
BRDA:38,9,1,3
BRDA:38,10,0,3
BRDA:38,10,1,3
BRDA:44,11,0,2
BRDA:44,11,1,1
BRDA:46,12,0,1
BRDA:46,12,1,1
BRDA:49,13,0,1
BRDA:49,13,1,0
BRDA:61,14,0,1
BRDA:61,14,1,0
BRDA:70,15,0,0
BRDA:70,15,1,0
BRDA:73,16,0,0
BRDA:73,16,1,0
BRF:35
BRH:24
end_of_record
TN:
SF:controllers\cuestionario.controller.js
FN:6,(anonymous_0)
FN:39,(anonymous_1)
FN:86,(anonymous_2)
FN:105,(anonymous_3)
FN:116,(anonymous_4)
FN:126,(anonymous_5)
FN:138,(anonymous_6)
FN:153,(anonymous_7)
FN:154,(anonymous_8)
FN:191,(anonymous_9)
FN:215,(anonymous_10)
FN:236,(anonymous_11)
FNF:12
FNH:12
FNDA:8,(anonymous_0)
FNDA:9,(anonymous_1)
FNDA:4,(anonymous_2)
FNDA:3,(anonymous_3)
FNDA:3,(anonymous_4)
FNDA:3,(anonymous_5)
FNDA:6,(anonymous_6)
FNDA:2,(anonymous_7)
FNDA:2,(anonymous_8)
FNDA:5,(anonymous_9)
FNDA:5,(anonymous_10)
FNDA:5,(anonymous_11)
DA:1,1
DA:2,1
DA:3,1
DA:4,1
DA:5,1
DA:6,1
DA:7,8
DA:8,8
DA:9,7
DA:10,4
DA:12,3
DA:13,0
DA:15,3
DA:16,0
DA:18,3
DA:19,3
DA:20,2
DA:22,1
DA:23,1
DA:24,1
DA:28,1
DA:29,1
DA:30,1
DA:31,1
DA:32,1
DA:33,1
DA:35,1
DA:39,1
DA:40,9
DA:41,9
DA:42,8
DA:43,1
DA:47,7
DA:48,1
DA:51,6
DA:52,6
DA:53,1
DA:55,5
DA:56,2
DA:58,3
DA:59,1
DA:63,2
DA:64,1
DA:65,1
DA:66,1
DA:68,0
DA:70,1
DA:71,1
DA:75,1
DA:76,1
DA:77,1
DA:78,1
DA:79,1
DA:80,1
DA:82,1
DA:86,1
DA:87,4
DA:88,4
DA:89,3
DA:91,2
DA:92,2
DA:93,1
DA:96,1
DA:98,2
DA:99,2
DA:101,1
DA:105,1
DA:106,3
DA:107,3
DA:108,2
DA:109,1
DA:111,1
DA:116,1
DA:117,3
DA:118,3
DA:119,2
DA:120,1
DA:122,1
DA:126,1
DA:127,3
DA:128,3
DA:129,2
DA:130,1
DA:132,1
DA:134,1
DA:138,1
DA:139,6
DA:140,6
DA:141,5
DA:142,1
DA:145,4
DA:146,1
DA:148,3
DA:149,1
DA:152,2
DA:153,2
DA:154,2
DA:155,2
DA:156,2
DA:157,2
DA:161,2
DA:163,2
DA:165,2
DA:166,1
DA:167,1
DA:168,1
DA:169,1
DA:170,1
DA:173,1
DA:180,1
DA:181,1
DA:184,1
DA:185,0
DA:187,1
DA:191,1
DA:192,5
DA:193,5
DA:194,4
DA:195,1
DA:198,3
DA:199,2
DA:202,1
DA:203,1
DA:205,1
DA:208,1
DA:211,1
DA:215,1
DA:216,5
DA:217,5
DA:218,4
DA:219,1
DA:222,3
DA:223,2
DA:226,1
DA:227,1
DA:229,1
DA:232,1
DA:236,1
DA:237,5
DA:238,5
DA:239,4
DA:240,1
DA:243,3
DA:244,2
DA:247,1
DA:248,1
DA:250,1
DA:253,1
LF:148
LH:144
BRDA:9,0,0,4
BRDA:9,0,1,3
BRDA:9,1,0,7
BRDA:9,1,1,7
BRDA:12,2,0,0
BRDA:12,2,1,3
BRDA:12,3,0,3
BRDA:12,3,1,3
BRDA:12,3,2,3
BRDA:15,4,0,0
BRDA:15,4,1,3
BRDA:15,5,0,3
BRDA:15,5,1,3
BRDA:19,6,0,2
BRDA:19,6,1,1
BRDA:19,7,0,3
BRDA:19,7,1,2
BRDA:29,8,0,1
BRDA:29,8,1,0
BRDA:42,9,0,1
BRDA:42,9,1,7
BRDA:47,10,0,1
BRDA:47,10,1,6
BRDA:52,11,0,1
BRDA:52,11,1,5
BRDA:52,12,0,6
BRDA:52,12,1,6
BRDA:55,13,0,2
BRDA:55,13,1,3
BRDA:55,14,0,5
BRDA:55,14,1,5
BRDA:55,14,2,4
BRDA:58,15,0,1
BRDA:58,15,1,2
BRDA:58,16,0,3
BRDA:58,16,1,3
BRDA:63,17,0,1
BRDA:63,17,1,1
BRDA:65,18,0,1
BRDA:65,18,1,0
BRDA:76,19,0,1
BRDA:76,19,1,0
BRDA:89,20,0,1
BRDA:89,20,1,2
BRDA:92,21,0,1
BRDA:92,21,1,1
BRDA:108,22,0,1
BRDA:108,22,1,1
BRDA:119,23,0,1
BRDA:119,23,1,1
BRDA:129,24,0,1
BRDA:129,24,1,1
BRDA:141,25,0,1
BRDA:141,25,1,4
BRDA:145,26,0,1
BRDA:145,26,1,3
BRDA:145,27,0,4
BRDA:145,27,1,3
BRDA:145,27,2,0
BRDA:148,28,0,1
BRDA:148,28,1,2
BRDA:156,29,0,2
BRDA:156,29,1,0
BRDA:156,30,0,2
BRDA:156,30,1,2
BRDA:165,31,0,1
BRDA:165,31,1,1
BRDA:184,32,0,0
BRDA:184,32,1,1
BRDA:194,33,0,1
BRDA:194,33,1,3
BRDA:198,34,0,2
BRDA:198,34,1,1
BRDA:198,35,0,3
BRDA:198,35,1,2
BRDA:218,36,0,1
BRDA:218,36,1,3
BRDA:222,37,0,2
BRDA:222,37,1,1
BRDA:222,38,0,3
BRDA:222,38,1,2
BRDA:239,39,0,1
BRDA:239,39,1,3
BRDA:243,40,0,2
BRDA:243,40,1,1
BRDA:243,41,0,3
BRDA:243,41,1,2
BRF:87
BRH:79
end_of_record
TN:
SF:controllers\email.controller.js
FN:6,(anonymous_0)
FNF:1
FNH:1
FNDA:2,(anonymous_0)
DA:2,3
DA:4,3
DA:6,3
DA:7,2
DA:21,2
DA:22,2
DA:23,1
DA:25,1
LF:8
LH:8
BRDA:25,0,0,1
BRDA:25,0,1,0
BRF:2
BRH:1
end_of_record
TN:
SF:controllers\grupo.controller.js
FN:5,(anonymous_0)
FN:14,(anonymous_1)
FN:20,(anonymous_2)
FN:39,(anonymous_3)
FN:52,(anonymous_4)
FN:57,(anonymous_5)
FN:58,(anonymous_6)
FN:72,(anonymous_7)
FN:82,(anonymous_8)
FN:92,(anonymous_9)
FNF:10
FNH:10
FNDA:2,(anonymous_0)
FNDA:4,(anonymous_1)
FNDA:4,(anonymous_2)
FNDA:1,(anonymous_3)
FNDA:2,(anonymous_4)
FNDA:2,(anonymous_5)
FNDA:3,(anonymous_6)
FNDA:1,(anonymous_7)
FNDA:1,(anonymous_8)
FNDA:1,(anonymous_9)
DA:1,1
DA:2,1
DA:3,1
DA:5,1
DA:6,2
DA:7,2
DA:8,2
DA:9,1
DA:12,1
DA:14,4
DA:19,1
DA:20,4
DA:22,1
DA:24,1
DA:26,0
DA:27,0
DA:28,0
DA:30,0
DA:31,0
DA:33,0
DA:35,0
DA:39,1
DA:40,1
DA:41,1
DA:45,1
DA:46,1
DA:48,0
DA:52,1
DA:53,2
DA:54,2
DA:55,2
DA:57,2
DA:58,3
DA:60,2
DA:61,1
DA:64,1
DA:65,1
DA:66,1
DA:68,0
DA:72,1
DA:73,1
DA:74,1
DA:75,1
DA:76,1
DA:78,0
DA:82,1
DA:83,1
DA:84,1
DA:85,1
DA:86,1
DA:88,0
DA:92,1
DA:93,1
DA:94,1
DA:95,1
DA:97,0
LF:56
LH:44
BRDA:8,0,0,1
BRDA:8,0,1,1
BRDA:8,1,0,2
BRDA:8,1,1,1
BRDA:26,2,0,0
BRDA:26,2,1,0
BRDA:27,3,0,0
BRDA:27,3,1,0
BRDA:31,4,0,0
BRDA:31,4,1,0
BRDA:45,5,0,0
BRDA:45,5,1,1
BRDA:55,6,0,0
BRDA:55,6,1,2
BRDA:60,7,0,1
BRDA:60,7,1,1
BRDA:75,8,0,0
BRDA:75,8,1,1
BRDA:85,9,0,0
BRDA:85,9,1,1
BRF:20
BRH:10
end_of_record
TN:
SF:controllers\mensaje.controller.js
FN:4,(anonymous_0)
FN:11,(anonymous_1)
FN:27,(anonymous_2)
FN:59,(anonymous_3)
FN:76,(anonymous_4)
FNF:5
FNH:5
FNDA:2,(anonymous_0)
FNDA:1,(anonymous_1)
FNDA:1,(anonymous_2)
FNDA:1,(anonymous_3)
FNDA:1,(anonymous_4)
DA:1,4
DA:2,4
DA:4,4
DA:5,2
DA:6,2
DA:7,2
DA:8,1
DA:11,1
DA:13,1
DA:14,1
DA:17,0
DA:18,0
DA:19,0
DA:21,0
DA:23,0
DA:27,4
DA:28,1
DA:29,1
DA:30,1
DA:31,0
DA:34,1
DA:36,1
DA:43,1
DA:50,1
DA:52,1
DA:55,0
DA:59,4
DA:60,1
DA:61,1
DA:65,1
DA:66,0
DA:69,1
DA:72,0
DA:76,4
DA:77,1
DA:78,1
DA:84,1
DA:85,0
DA:87,1
DA:89,0
LF:40
LH:29
BRDA:7,0,0,1
BRDA:7,0,1,1
BRDA:17,1,0,0
BRDA:17,1,1,0
BRDA:18,2,0,0
BRDA:18,2,1,0
BRDA:27,3,0,1
BRDA:27,4,0,1
BRDA:30,5,0,0
BRDA:30,5,1,1
BRDA:65,6,0,0
BRDA:65,6,1,1
BRDA:84,7,0,0
BRDA:84,7,1,1
BRF:14
BRH:7
end_of_record
TN:
SF:controllers\ramaConfig.controller.js
FN:4,(anonymous_0)
FN:15,(anonymous_1)
FN:30,(anonymous_2)
FNF:3
FNH:3
FNDA:1,(anonymous_0)
FNDA:2,(anonymous_1)
FNDA:1,(anonymous_2)
DA:1,1
DA:4,1
DA:5,1
DA:7,1
DA:8,1
DA:10,0
DA:15,1
DA:16,2
DA:17,2
DA:18,2
DA:19,1
DA:22,1
DA:23,1
DA:25,0
DA:30,1
DA:31,1
DA:33,1
DA:35,1
DA:38,0
DA:41,1
DA:47,1
DA:48,0
DA:52,1
DA:53,1
DA:55,1
DA:57,0
LF:26
LH:21
BRDA:18,0,0,1
BRDA:18,0,1,1
BRDA:18,1,0,2
BRDA:18,1,1,1
BRDA:33,2,0,1
BRDA:33,2,1,0
BRDA:47,3,0,0
BRDA:47,3,1,1
BRF:8
BRH:6
end_of_record
TN:
SF:controllers\tarea.controller.js
FN:5,(anonymous_0)
FN:70,(anonymous_1)
FN:135,(anonymous_2)
FN:154,(anonymous_3)
FN:165,(anonymous_4)
FN:175,(anonymous_5)
FN:187,(anonymous_6)
FN:254,(anonymous_7)
FN:263,(anonymous_8)
FNF:9
FNH:9
FNDA:4,(anonymous_0)
FNDA:6,(anonymous_1)
FNDA:3,(anonymous_2)
FNDA:2,(anonymous_3)
FNDA:2,(anonymous_4)
FNDA:2,(anonymous_5)
FNDA:3,(anonymous_6)
FNDA:2,(anonymous_7)
FNDA:4,(anonymous_8)
DA:1,1
DA:2,1
DA:3,1
DA:4,1
DA:5,1
DA:6,4
DA:8,4
DA:9,4
DA:11,1
DA:14,3
DA:15,1
DA:18,2
DA:19,0
DA:22,2
DA:23,0
DA:26,2
DA:27,2
DA:28,1
DA:31,1
DA:32,1
DA:33,1
DA:35,0
DA:36,0
DA:37,0
DA:40,0
DA:41,0
DA:43,0
DA:48,0
DA:49,0
DA:52,0
DA:53,0
DA:55,0
DA:56,0
DA:57,0
DA:58,0
DA:59,0
DA:61,0
DA:63,0
DA:65,0
DA:66,0
DA:70,1
DA:71,6
DA:73,6
DA:74,6
DA:76,1
DA:79,5
DA:80,5
DA:81,1
DA:85,4
DA:86,1
DA:89,3
DA:90,1
DA:94,2
DA:95,1
DA:96,0
DA:98,1
DA:99,1
DA:101,1
DA:105,2
DA:106,2
DA:107,2
DA:108,1
DA:110,1
DA:113,1
DA:114,1
DA:122,1
DA:123,1
DA:124,1
DA:125,1
DA:126,1
DA:127,1
DA:128,1
DA:130,0
DA:131,0
DA:135,1
DA:136,3
DA:137,3
DA:138,3
DA:140,2
DA:141,2
DA:142,1
DA:145,1
DA:147,2
DA:148,2
DA:150,0
DA:154,1
DA:155,2
DA:156,2
DA:157,2
DA:158,1
DA:160,0
DA:165,1
DA:166,2
DA:167,2
DA:168,2
DA:169,1
DA:171,0
DA:175,1
DA:176,2
DA:177,2
DA:178,2
DA:179,1
DA:181,1
DA:183,0
DA:187,1
DA:188,3
DA:189,3
DA:190,3
DA:191,1
DA:194,2
DA:195,1
DA:198,1
DA:199,1
DA:200,1
DA:201,1
DA:202,1
DA:203,1
DA:204,1
DA:205,1
DA:207,1
DA:208,1
DA:212,0
DA:219,0
DA:220,0
DA:221,0
DA:222,0
DA:225,0
DA:226,0
DA:234,0
DA:238,0
DA:239,0
DA:240,0
DA:241,0
DA:242,0
DA:243,0
DA:244,0
DA:247,0
DA:248,0
DA:250,0
DA:254,1
DA:255,2
DA:256,2
DA:257,1
DA:259,1
DA:263,1
DA:264,4
DA:265,4
DA:266,1
DA:269,3
DA:270,3
DA:271,1
DA:275,2
DA:276,1
DA:279,1
DA:280,1
DA:282,1
DA:283,1
DA:284,1
DA:285,1
DA:286,1
DA:289,1
DA:292,0
LF:162
LH:115
BRDA:14,0,0,1
BRDA:14,0,1,2
BRDA:14,1,0,3
BRDA:14,1,1,3
BRDA:18,2,0,0
BRDA:18,2,1,2
BRDA:22,3,0,0
BRDA:22,3,1,2
BRDA:22,4,0,2
BRDA:22,4,1,2
BRDA:27,5,0,1
BRDA:27,5,1,1
BRDA:27,6,0,2
BRDA:27,6,1,2
BRDA:31,7,0,1
BRDA:31,7,1,0
BRDA:32,8,0,1
BRDA:32,8,1,0
BRDA:36,9,0,0
BRDA:36,9,1,0
BRDA:48,10,0,0
BRDA:48,10,1,0
BRDA:52,11,0,0
BRDA:52,11,1,0
BRDA:80,12,0,1
BRDA:80,12,1,4
BRDA:85,13,0,1
BRDA:85,13,1,3
BRDA:89,14,0,1
BRDA:89,14,1,2
BRDA:89,15,0,3
BRDA:89,15,1,3
BRDA:94,16,0,1
BRDA:94,16,1,1
BRDA:95,17,0,0
BRDA:95,17,1,1
BRDA:99,18,0,1
BRDA:99,18,1,0
BRDA:105,19,0,2
BRDA:105,19,1,0
BRDA:107,20,0,1
BRDA:107,20,1,1
BRDA:123,21,0,1
BRDA:123,21,1,1
BRDA:124,22,0,1
BRDA:124,22,1,1
BRDA:138,23,0,1
BRDA:138,23,1,2
BRDA:141,24,0,1
BRDA:141,24,1,1
BRDA:157,25,0,1
BRDA:157,25,1,1
BRDA:168,26,0,1
BRDA:168,26,1,1
BRDA:178,27,0,1
BRDA:178,27,1,1
BRDA:190,28,0,1
BRDA:190,28,1,2
BRDA:194,29,0,1
BRDA:194,29,1,1
BRDA:194,30,0,2
BRDA:194,30,1,1
BRDA:194,30,2,0
BRDA:199,31,0,1
BRDA:199,31,1,0
BRDA:200,32,0,1
BRDA:200,32,1,0
BRDA:202,33,0,1
BRDA:202,33,1,0
BRDA:215,34,0,0
BRDA:215,34,1,0
BRDA:219,35,0,0
BRDA:219,35,1,0
BRDA:239,36,0,0
BRDA:239,36,1,0
BRDA:240,37,0,0
BRDA:240,37,1,0
BRDA:247,38,0,0
BRDA:247,38,1,0
BRDA:265,39,0,1
BRDA:265,39,1,3
BRDA:265,40,0,4
BRDA:265,40,1,4
BRDA:265,40,2,4
BRDA:270,41,0,1
BRDA:270,41,1,2
BRDA:275,42,0,1
BRDA:275,42,1,1
BRDA:283,43,0,1
BRDA:283,43,1,0
BRF:90
BRH:62
end_of_record
TN:
SF:controllers\usuario.controller.js
FN:5,(anonymous_0)
FN:8,(anonymous_1)
FN:14,(anonymous_2)
FN:21,(anonymous_3)
FN:32,(anonymous_4)
FN:38,(anonymous_5)
FN:86,(anonymous_6)
FN:114,(anonymous_7)
FN:126,(anonymous_8)
FN:135,(anonymous_9)
FNF:10
FNH:9
FNDA:2,(anonymous_0)
FNDA:1,(anonymous_1)
FNDA:1,(anonymous_2)
FNDA:2,(anonymous_3)
FNDA:2,(anonymous_4)
FNDA:2,(anonymous_5)
FNDA:1,(anonymous_6)
FNDA:2,(anonymous_7)
FNDA:1,(anonymous_8)
FNDA:0,(anonymous_9)
DA:1,2
DA:2,2
DA:3,2
DA:5,2
DA:6,2
DA:7,2
DA:8,1
DA:9,1
DA:11,1
DA:14,2
DA:15,1
DA:16,1
DA:17,1
DA:18,1
DA:21,2
DA:22,2
DA:23,2
DA:24,2
DA:25,2
DA:26,2
DA:28,0
DA:32,2
DA:33,2
DA:34,2
DA:35,0
DA:38,2
DA:39,2
DA:40,1
DA:43,1
DA:44,1
DA:45,1
DA:46,1
DA:48,1
DA:49,1
DA:51,1
DA:58,1
DA:59,1
DA:62,1
DA:65,1
DA:67,1
DA:68,1
DA:69,1
DA:70,0
DA:74,1
DA:77,0
DA:78,0
DA:79,0
DA:80,0
DA:82,0
DA:86,2
DA:87,1
DA:88,1
DA:89,1
DA:90,0
DA:93,1
DA:94,1
DA:96,1
DA:97,1
DA:99,1
DA:100,1
DA:101,1
DA:103,0
DA:104,0
DA:105,0
DA:107,0
DA:110,0
DA:114,2
DA:115,2
DA:116,2
DA:117,2
DA:118,1
DA:120,1
DA:122,0
DA:126,2
DA:127,1
DA:128,1
DA:129,1
DA:131,0
DA:135,2
DA:136,0
DA:137,0
DA:138,0
DA:139,0
DA:141,0
LF:84
LH:63
BRDA:7,0,0,1
BRDA:7,0,1,1
BRDA:15,1,0,0
BRDA:15,1,1,1
BRDA:18,2,0,0
BRDA:18,2,1,1
BRDA:24,3,0,0
BRDA:24,3,1,2
BRDA:34,4,0,0
BRDA:34,4,1,2
BRDA:39,5,0,1
BRDA:39,5,1,1
BRDA:46,6,0,0
BRDA:46,6,1,1
BRDA:49,7,0,0
BRDA:49,7,1,1
BRDA:58,8,0,1
BRDA:58,8,1,0
BRDA:58,9,0,1
BRDA:58,9,1,1
BRDA:69,10,0,0
BRDA:69,10,1,1
BRDA:70,11,0,0
BRDA:70,11,1,0
BRDA:77,12,0,0
BRDA:77,12,1,0
BRDA:89,13,0,0
BRDA:89,13,1,1
BRDA:94,14,0,0
BRDA:94,14,1,1
BRDA:100,15,0,1
BRDA:100,15,1,0
BRDA:104,16,0,0
BRDA:104,16,1,0
BRDA:104,17,0,0
BRDA:104,17,1,0
BRDA:117,18,0,1
BRDA:117,18,1,1
BRF:38
BRH:19
end_of_record
TN:
SF:routes\auth.routes.js
FN:82,(anonymous_0)
FN:115,(anonymous_1)
FN:160,(anonymous_2)
FNF:3
FNH:2
FNDA:4,(anonymous_0)
FNDA:0,(anonymous_1)
FNDA:3,(anonymous_2)
DA:1,1
DA:2,1
DA:3,1
DA:4,1
DA:82,1
DA:83,4
DA:84,4
DA:85,4
DA:115,1
DA:116,0
DA:117,0
DA:118,0
DA:160,1
DA:161,3
DA:162,3
DA:163,3
DA:164,3
DA:167,1
LF:18
LH:15
BRDA:162,0,0,3
BRDA:162,0,1,2
BRF:2
BRH:2
end_of_record
TN:
SF:routes\calificacion.routes.js
FN:110,(anonymous_0)
FN:166,(anonymous_1)
FNF:2
FNH:2
FNDA:3,(anonymous_0)
FNDA:3,(anonymous_1)
DA:1,1
DA:2,1
DA:3,1
DA:4,1
DA:110,1
DA:111,3
DA:113,3
DA:114,1
DA:117,2
DA:118,2
DA:166,1
DA:167,3
DA:169,3
DA:170,1
DA:172,2
DA:173,2
DA:176,1
LF:17
LH:17
BRDA:113,0,0,1
BRDA:113,0,1,2
BRDA:113,1,0,3
BRDA:113,1,1,3
BRDA:169,2,0,1
BRDA:169,2,1,2
BRDA:169,3,0,3
BRDA:169,3,1,3
BRF:8
BRH:8
end_of_record
TN:
SF:routes\calificacionGeneral.routes.js
FN:69,(anonymous_0)
FN:110,(anonymous_1)
FN:145,(anonymous_2)
FNF:3
FNH:2
FNDA:4,(anonymous_0)
FNDA:1,(anonymous_1)
FNDA:0,(anonymous_2)
DA:1,1
DA:2,1
DA:3,1
DA:69,1
DA:70,4
DA:71,4
DA:72,4
DA:110,1
DA:111,1
DA:112,1
DA:113,1
DA:145,1
DA:146,0
DA:147,0
DA:148,0
DA:205,1
LF:16
LH:13
BRF:0
BRH:0
end_of_record
TN:
SF:routes\cuestionario.routes.js
FN:86,(anonymous_0)
FN:153,(anonymous_1)
FN:233,(anonymous_2)
FN:292,(anonymous_3)
FN:341,(anonymous_4)
FN:374,(anonymous_5)
FN:406,(anonymous_6)
FN:448,(anonymous_7)
FN:482,(anonymous_8)
FN:532,(anonymous_9)
FNF:10
FNH:6
FNDA:2,(anonymous_0)
FNDA:3,(anonymous_1)
FNDA:3,(anonymous_2)
FNDA:2,(anonymous_3)
FNDA:1,(anonymous_4)
FNDA:0,(anonymous_5)
FNDA:0,(anonymous_6)
FNDA:0,(anonymous_7)
FNDA:0,(anonymous_8)
FNDA:2,(anonymous_9)
DA:1,1
DA:2,1
DA:3,1
DA:4,1
DA:5,1
DA:6,1
DA:86,1
DA:87,2
DA:88,2
DA:149,1
DA:154,3
DA:155,3
DA:156,3
DA:157,1
DA:160,2
DA:165,1
DA:167,1
DA:230,1
DA:234,3
DA:235,3
DA:236,3
DA:237,3
DA:238,1
DA:240,2
DA:245,1
DA:247,1
DA:289,1
DA:293,2
DA:294,2
DA:295,2
DA:299,1
DA:301,1
DA:341,1
DA:342,1
DA:343,1
DA:344,1
DA:374,1
DA:375,0
DA:376,0
DA:406,1
DA:407,0
DA:408,0
DA:448,1
DA:449,0
DA:450,0
DA:451,0
DA:482,1
DA:483,0
DA:484,0
DA:532,1
DA:533,2
DA:534,2
DA:535,2
DA:537,2
DA:538,1
DA:541,1
DA:542,1
DA:634,1
LF:58
LH:49
BRDA:156,0,0,1
BRDA:156,0,1,2
BRDA:237,1,0,1
BRDA:237,1,1,2
BRDA:537,2,0,1
BRDA:537,2,1,1
BRDA:537,3,0,2
BRDA:537,3,1,1
BRF:8
BRH:8
end_of_record
TN:
SF:routes\grupo.routes.js
FN:57,(anonymous_0)
FN:63,(anonymous_1)
FN:113,(anonymous_2)
FN:141,(anonymous_3)
FN:188,(anonymous_4)
FN:238,(anonymous_5)
FN:271,(anonymous_6)
FNF:7
FNH:4
FNDA:2,(anonymous_0)
FNDA:0,(anonymous_1)
FNDA:0,(anonymous_2)
FNDA:1,(anonymous_3)
FNDA:1,(anonymous_4)
FNDA:2,(anonymous_5)
FNDA:0,(anonymous_6)
DA:1,1
DA:2,1
DA:3,1
DA:57,1
DA:58,2
DA:59,2
DA:60,2
DA:63,1
DA:64,0
DA:65,0
DA:113,1
DA:114,0
DA:115,0
DA:141,1
DA:142,1
DA:143,1
DA:188,1
DA:189,1
DA:190,1
DA:191,1
DA:238,1
DA:239,2
DA:240,2
DA:241,2
DA:271,1
DA:272,0
DA:273,0
DA:324,1
LF:28
LH:22
BRF:0
BRH:0
end_of_record
TN:
SF:routes\mensaje.routes.js
FN:57,(anonymous_0)
FN:98,(anonymous_1)
FN:127,(anonymous_2)
FN:168,(anonymous_3)
FNF:4
FNH:3
FNDA:2,(anonymous_0)
FNDA:1,(anonymous_1)
FNDA:0,(anonymous_2)
FNDA:1,(anonymous_3)
DA:1,1
DA:2,1
DA:3,1
DA:57,1
DA:58,2
DA:59,2
DA:60,2
DA:98,1
DA:99,1
DA:100,1
DA:101,1
DA:127,1
DA:128,0
DA:129,0
DA:168,1
DA:169,1
DA:170,1
DA:171,1
DA:224,1
LF:19
LH:17
BRF:0
BRH:0
end_of_record
TN:
SF:routes\rama.routes.js
FN:33,(anonymous_0)
FN:66,(anonymous_1)
FN:114,(anonymous_2)
FNF:3
FNH:3
FNDA:1,(anonymous_0)
FNDA:2,(anonymous_1)
FNDA:1,(anonymous_2)
DA:1,1
DA:2,1
DA:3,1
DA:4,1
DA:5,1
DA:33,1
DA:34,1
DA:35,1
DA:66,1
DA:67,2
DA:68,2
DA:69,1
DA:70,1
DA:72,1
DA:114,1
DA:115,1
DA:116,1
DA:117,1
DA:119,0
DA:120,0
DA:144,1
LF:21
LH:19
BRDA:68,0,0,1
BRDA:68,0,1,1
BRF:2
BRH:2
end_of_record
TN:
SF:routes\tarea.routes.js
FN:47,(anonymous_0)
FN:89,(anonymous_1)
FN:122,(anonymous_2)
FN:154,(anonymous_3)
FN:205,(anonymous_4)
FN:239,(anonymous_5)
FN:290,(anonymous_6)
FN:329,(anonymous_7)
FN:376,(anonymous_8)
FNF:9
FNH:5
FNDA:3,(anonymous_0)
FNDA:0,(anonymous_1)
FNDA:0,(anonymous_2)
FNDA:2,(anonymous_3)
FNDA:0,(anonymous_4)
FNDA:2,(anonymous_5)
FNDA:0,(anonymous_6)
FNDA:1,(anonymous_7)
FNDA:1,(anonymous_8)
DA:1,1
DA:2,1
DA:3,1
DA:4,1
DA:6,1
DA:7,1
DA:47,1
DA:50,3
DA:51,3
DA:89,1
DA:90,0
DA:91,0
DA:92,0
DA:122,1
DA:123,0
DA:124,0
DA:154,1
DA:155,2
DA:156,2
DA:205,1
DA:206,0
DA:207,0
DA:208,0
DA:239,1
DA:240,2
DA:241,2
DA:290,1
DA:291,0
DA:292,0
DA:293,0
DA:294,0
DA:296,0
DA:297,0
DA:329,1
DA:330,1
DA:331,1
DA:332,1
DA:376,1
DA:377,1
DA:378,1
DA:379,1
DA:381,1
DA:382,0
DA:385,1
DA:386,1
DA:464,1
LF:46
LH:31
BRDA:381,0,0,0
BRDA:381,0,1,1
BRF:2
BRH:1
end_of_record
TN:
SF:routes\usuario.routes.js
FN:58,(anonymous_0)
FN:108,(anonymous_1)
FN:211,(anonymous_2)
FN:216,(anonymous_3)
FN:221,(anonymous_4)
FN:246,(anonymous_5)
FNF:6
FNH:3
FNDA:2,(anonymous_0)
FNDA:0,(anonymous_1)
FNDA:2,(anonymous_2)
FNDA:0,(anonymous_3)
FNDA:0,(anonymous_4)
FNDA:1,(anonymous_5)
DA:1,1
DA:2,1
DA:3,1
DA:4,1
DA:58,1
DA:59,2
DA:60,2
DA:108,1
DA:109,0
DA:110,0
DA:211,1
DA:212,2
DA:213,2
DA:216,1
DA:217,0
DA:218,0
DA:221,1
DA:222,0
DA:223,0
DA:246,1
DA:247,1
DA:248,1
DA:280,1
DA:318,1
LF:24
LH:18
BRF:0
BRH:0
end_of_record
